#
# A fatal error has been detected by the Java Runtime Environment:
#
#  SIGSEGV (0xb) at pc=0x00007fff4aa81be7, pid=55584, tid=775
#
# JRE version: Java(TM) SE Runtime Environment (16.0.1+9) (build 16.0.1+9-24)
# Java VM: Java HotSpot(TM) 64-Bit Server VM (16.0.1+9-24, mixed mode, sharing, tiered, compressed oops, compressed class ptrs, g1 gc, bsd-amd64)
# Problematic frame:
# C  [libGL.dylib+0x1be7]  glGetError+0xd
#
# No core dump will be written. Core dumps have been disabled. To enable core dumping, try "ulimit -c unlimited" before starting Java again
#
# If you would like to submit a bug report, please visit:
#   https://bugreport.java.com/bugreport/crash.jsp
# The crash happened outside the Java Virtual Machine in native code.
# See problematic frame for where to report the bug.
#

---------------  S U M M A R Y ------------

Command Line: -Dfile.encoding=UTF-8 -XX:+ShowCodeDetailsInExceptionMessages renderEngine.Main

Host: MacBookAir7,2 x86_64 2200 MHz, 4 cores, 8G, Darwin 18.7.0, macOS 10.14.6 (18G103)
Time: Fri Aug 12 00:36:35 2022 CST elapsed time: 0.772197 seconds (0d 0h 0m 0s)

---------------  T H R E A D  ---------------

Current thread (0x00007f9e09802200):  JavaThread "main" [_thread_in_native, id=775, stack(0x00007ffeee306000,0x00007ffeeeb06000)]

Stack: [0x00007ffeee306000,0x00007ffeeeb06000],  sp=0x00007ffeeeb025b0,  free space=8177k
Native frames: (J=compiled Java code, A=aot compiled Java code, j=interpreted, Vv=VM code, C=native code)
C  [libGL.dylib+0x1be7]  glGetError+0xd
j  org.lwjgl.system.JNI.callI(J)I+0
j  org.lwjgl.opengl.GL.createCapabilities(ZLjava/util/function/IntFunction;)Lorg/lwjgl/opengl/GLCapabilities;+78
j  org.lwjgl.opengl.GL.createCapabilities(Ljava/util/function/IntFunction;)Lorg/lwjgl/opengl/GLCapabilities;+2
j  org.lwjgl.opengl.GL.createCapabilities()Lorg/lwjgl/opengl/GLCapabilities;+1
j  renderEngine.Main.main([Ljava/lang/String;)V+64
v  ~StubRoutines::call_stub
V  [libjvm.dylib+0x508442]  JavaCalls::call_helper(JavaValue*, methodHandle const&, JavaCallArguments*, Thread*)+0x2d2
V  [libjvm.dylib+0x56d548]  jni_invoke_static(JNIEnv_*, JavaValue*, _jobject*, JNICallType, _jmethodID*, JNI_ArgumentPusher*, Thread*)+0x148
V  [libjvm.dylib+0x570b01]  jni_CallStaticVoidMethod+0x181
C  [libjli.dylib+0x4e9f]  JavaMain+0xbff
C  [libjli.dylib+0x77ac]  __JVMInit_block_invoke+0x4c
C  [Foundation+0x5606c]  __NSBLOCKOPERATION_IS_CALLING_OUT_TO_A_BLOCK__+0x7
C  [Foundation+0x55f74]  -[NSBlockOperation main]+0x44
C  [Foundation+0x2bced]  -[__NSOperationInternal _start:]+0x2ad
C  [Foundation+0xb0302]  __NSThreadPerformPerform+0x148
C  [CoreFoundation+0x57de3]  __CFRUNLOOP_IS_CALLING_OUT_TO_A_SOURCE0_PERFORM_FUNCTION__+0x11
C  [CoreFoundation+0x57d89]  __CFRunLoopDoSource0+0x6c
C  [CoreFoundation+0x3b74b]  __CFRunLoopDoSources0+0xc3
C  [CoreFoundation+0x3ad15]  __CFRunLoopRun+0x4a5
C  [CoreFoundation+0x3a61e]  CFRunLoopRunSpecific+0x1c7
C  [libjli.dylib+0x6d12]  CreateExecutionEnvironment+0x192
C  [libjli.dylib+0x2745]  JLI_Launch+0x5d5
C  [java+0xc16]  main+0x196
C  [libdyld.dylib+0x163d5]  start+0x1

Java frames: (J=compiled Java code, j=interpreted, Vv=VM code)
j  org.lwjgl.system.JNI.callI(J)I+0
j  org.lwjgl.opengl.GL.createCapabilities(ZLjava/util/function/IntFunction;)Lorg/lwjgl/opengl/GLCapabilities;+78
j  org.lwjgl.opengl.GL.createCapabilities(Ljava/util/function/IntFunction;)Lorg/lwjgl/opengl/GLCapabilities;+2
j  org.lwjgl.opengl.GL.createCapabilities()Lorg/lwjgl/opengl/GLCapabilities;+1
j  renderEngine.Main.main([Ljava/lang/String;)V+64
v  ~StubRoutines::call_stub

siginfo: si_signo: 11 (SIGSEGV), si_code: 1 (SEGV_MAPERR), si_addr: 0x0000000000000000

Register to memory mapping:

RAX=0x0 is NULL
RBX={method} {0x00000001218b0fd0} 'callI' '(J)I' in 'org/lwjgl/system/JNI'
RCX=0x00007f9e08600d08 points into unknown readable memory: 0x0000000000000000 | 00 00 00 00 00 00 00 00
RDX=0x00007fff4aa81bda: glGetError+0 in /System/Library/Frameworks/OpenGL.framework/Versions/A/Libraries/libGL.dylib at 0x00007fff4aa80000
RSP=0x00007ffeeeb025b0 is pointing into the stack for thread: 0x00007f9e09802200
RBP=0x00007ffeeeb025b0 is pointing into the stack for thread: 0x00007f9e09802200
RSI=0x00007ffeeeb02628 is pointing into the stack for thread: 0x00007f9e09802200
RDI=0x00007f9e09802510 points into unknown readable memory: 0x0000000102659e58 | 58 9e 65 02 01 00 00 00
R8 =0xffffffff00000000 is an unknown value
R9 =0x000000000033adaf is an unknown value
R10=0x000000011031fc4c is at code_begin+876 in an Interpreter codelet
method entry point (kind = native)  [0x000000011031f8e0, 0x00000001103201a0]  2240 bytes
R11=0x0000000787a84228 is an oop: java.lang.Class 
{0x0000000787a84228} - klass: 'java/lang/Class'
R12=0x0 is NULL
R13={method} {0x00000001218b0fd0} 'callI' '(J)I' in 'org/lwjgl/system/JNI'
R14=0x00007ffeeeb02640 is pointing into the stack for thread: 0x00007f9e09802200
R15=0x00007f9e09802200 is a thread


Registers:
RAX=0x0000000000000000, RBX=0x00000001218b0fd0, RCX=0x00007f9e08600d08, RDX=0x00007fff4aa81bda
RSP=0x00007ffeeeb025b0, RBP=0x00007ffeeeb025b0, RSI=0x00007ffeeeb02628, RDI=0x00007f9e09802510
R8 =0xffffffff00000000, R9 =0x000000000033adaf, R10=0x000000011031fc4c, R11=0x0000000787a84228
R12=0x0000000000000000, R13=0x00000001218b0fd0, R14=0x00007ffeeeb02640, R15=0x00007f9e09802200
RIP=0x00007fff4aa81be7, EFLAGS=0x0000000000010246, ERR=0x0000000000000004
  TRAPNO=0x000000000000000e

Top of Stack: (sp=0x00007ffeeeb025b0)
0x00007ffeeeb025b0:   00007ffeeeb02618 000000011031fc7b
0x00007ffeeeb025c0:   0000000121847df0 000000011031f996
0x00007ffeeeb025d0:   00007ffeeeb025d0 00000001218b0fd0
0x00007ffeeeb025e0:   00007ffeeeb02640 00000001218dab48
0x00007ffeeeb025f0:   0000000000000000 0000000787a84228
0x00007ffeeeb02600:   00000001218b0fd0 0000000000000000
0x00007ffeeeb02610:   00007ffeeeb02638 00007ffeeeb02690
0x00007ffeeeb02620:   000000011031b335 0000000787a84228
0x00007ffeeeb02630:   000000011031d396 00007fff4aa81bda
0x00007ffeeeb02640:   0000000000000000 00007ffeeeb02648
0x00007ffeeeb02650:   00000001218dddbe 00007ffeeeb02758
0x00007ffeeeb02660:   00000001218e0000 0000000000000000
0x00007ffeeeb02670:   0000000787ab9eb0 00000001218de338
0x00007ffeeeb02680:   00007ffeeeb02638 00007ffeeeb02750
0x00007ffeeeb02690:   00007ffeeeb027a8 000000011031b252
0x00007ffeeeb026a0:   0000000000000000 0000000000000000
0x00007ffeeeb026b0:   0000000000000000 0000000000000000
0x00007ffeeeb026c0:   0000000000000000 0000000000000000
0x00007ffeeeb026d0:   0000000000000000 0000000000000000
0x00007ffeeeb026e0:   0000000000000000 0000000000000000
0x00007ffeeeb026f0:   0000000000000000 0000000000000000
0x00007ffeeeb02700:   0000000000000000 0000000000000000
0x00007ffeeeb02710:   0000000000000000 00007fff4aa81c15
0x00007ffeeeb02720:   0000000000000000 00007fff4aa81e01
0x00007ffeeeb02730:   0000000000000000 00007fff4aa81bda
0x00007ffeeeb02740:   0000000000000000 0000000787af7438
0x00007ffeeeb02750:   0000000000000000 0000000000000000
0x00007ffeeeb02760:   00007ffeeeb02760 00000001218ddc0a
0x00007ffeeeb02770:   00007ffeeeb027b8 00000001218e0000
0x00007ffeeeb02780:   0000000000000000 0000000787ab9eb0
0x00007ffeeeb02790:   00000001218ddc30 00007ffeeeb02750
0x00007ffeeeb027a0:   00007ffeeeb027b8 00007ffeeeb02808 

Instructions: (pc=0x00007fff4aa81be7)
0x00007fff4aa81ae7:   00 00 48 8b 3a 89 ce 4c 89 c2 5d ff e0 55 48 89
0x00007fff4aa81af7:   e5 89 f8 65 48 8b 0c 25 f0 00 00 00 48 8b 91 00
0x00007fff4aa81b07:   03 00 00 48 8b 39 89 c6 5d ff e2 55 48 89 e5 65
0x00007fff4aa81b17:   48 8b 04 25 f0 00 00 00 48 8b 88 08 03 00 00 48
0x00007fff4aa81b27:   8b 38 5d ff e1 55 48 89 e5 89 f8 65 48 8b 0c 25
0x00007fff4aa81b37:   f0 00 00 00 48 8b 91 10 03 00 00 48 8b 39 89 c6
0x00007fff4aa81b47:   5d ff e2 55 48 89 e5 49 89 f0 89 f9 65 48 8b 14
0x00007fff4aa81b57:   25 f0 00 00 00 48 8b 82 18 03 00 00 48 8b 3a 89
0x00007fff4aa81b67:   ce 4c 89 c2 5d ff e0 55 48 89 e5 49 89 f0 89 f9
0x00007fff4aa81b77:   65 48 8b 14 25 f0 00 00 00 48 8b 82 20 03 00 00
0x00007fff4aa81b87:   48 8b 3a 89 ce 4c 89 c2 5d ff e0 55 48 89 e5 49
0x00007fff4aa81b97:   89 f0 89 f9 65 48 8b 14 25 f0 00 00 00 48 8b 82
0x00007fff4aa81ba7:   28 03 00 00 48 8b 3a 89 ce 4c 89 c2 5d ff e0 55
0x00007fff4aa81bb7:   48 89 e5 49 89 f0 89 f9 65 48 8b 14 25 f0 00 00
0x00007fff4aa81bc7:   00 48 8b 82 30 03 00 00 48 8b 3a 89 ce 4c 89 c2
0x00007fff4aa81bd7:   5d ff e0 55 48 89 e5 65 48 8b 04 25 f0 00 00 00
0x00007fff4aa81be7:   48 8b 38 5d ff a0 38 03 00 00 55 48 89 e5 49 89
0x00007fff4aa81bf7:   f0 89 f9 65 48 8b 14 25 f0 00 00 00 48 8b 82 40
0x00007fff4aa81c07:   03 00 00 48 8b 3a 89 ce 4c 89 c2 5d ff e0 55 48
0x00007fff4aa81c17:   89 e5 49 89 f0 89 f9 65 48 8b 14 25 f0 00 00 00
0x00007fff4aa81c27:   48 8b 82 48 03 00 00 48 8b 3a 89 ce 4c 89 c2 5d
0x00007fff4aa81c37:   ff e0 55 48 89 e5 49 89 d0 89 f1 89 fa 65 48 8b
0x00007fff4aa81c47:   34 25 f0 00 00 00 48 8b 86 50 03 00 00 48 8b 3e
0x00007fff4aa81c57:   89 d6 89 ca 4c 89 c1 5d ff e0 55 48 89 e5 49 89
0x00007fff4aa81c67:   d0 89 f1 89 fa 65 48 8b 34 25 f0 00 00 00 48 8b
0x00007fff4aa81c77:   86 58 03 00 00 48 8b 3e 89 d6 89 ca 4c 89 c1 5d
0x00007fff4aa81c87:   ff e0 55 48 89 e5 49 89 d0 89 f1 89 fa 65 48 8b
0x00007fff4aa81c97:   34 25 f0 00 00 00 48 8b 86 60 03 00 00 48 8b 3e
0x00007fff4aa81ca7:   89 d6 89 ca 4c 89 c1 5d ff e0 55 48 89 e5 49 89
0x00007fff4aa81cb7:   d0 89 f1 89 fa 65 48 8b 34 25 f0 00 00 00 48 8b
0x00007fff4aa81cc7:   86 68 03 00 00 48 8b 3e 89 d6 89 ca 4c 89 c1 5d
0x00007fff4aa81cd7:   ff e0 55 48 89 e5 49 89 d0 89 f1 89 fa 65 48 8b 


Stack slot to memory mapping:
stack at sp + 0 slots: 0x00007ffeeeb02618 is pointing into the stack for thread: 0x00007f9e09802200
stack at sp + 1 slots: 0x000000011031fc7b is at code_begin+923 in an Interpreter codelet
method entry point (kind = native)  [0x000000011031f8e0, 0x00000001103201a0]  2240 bytes
stack at sp + 2 slots: 0x0000000121847df0 is pointing into metadata
stack at sp + 3 slots: 0x000000011031f996 is at code_begin+182 in an Interpreter codelet
method entry point (kind = native)  [0x000000011031f8e0, 0x00000001103201a0]  2240 bytes
stack at sp + 4 slots: 0x00007ffeeeb025d0 is pointing into the stack for thread: 0x00007f9e09802200
stack at sp + 5 slots: {method} {0x00000001218b0fd0} 'callI' '(J)I' in 'org/lwjgl/system/JNI'
stack at sp + 6 slots: 0x00007ffeeeb02640 is pointing into the stack for thread: 0x00007f9e09802200
stack at sp + 7 slots: 0x00000001218dab48 is pointing into metadata


---------------  P R O C E S S  ---------------

Threads class SMR info:
_java_thread_list=0x00007f9e0851e3b0, length=11, elements={
0x00007f9e09802200, 0x00007f9e0900bc00, 0x00007f9e0900c200, 0x00007f9e09027200,
0x00007f9e09029e00, 0x00007f9e0902a400, 0x00007f9e0902aa00, 0x00007f9e0882a800,
0x00007f9e0902b000, 0x00007f9e0882ae00, 0x00007f9e08815c00
}

Java Threads: ( => current thread )
=>0x00007f9e09802200 JavaThread "main" [_thread_in_native, id=775, stack(0x00007ffeee306000,0x00007ffeeeb06000)]
  0x00007f9e0900bc00 JavaThread "Reference Handler" daemon [_thread_blocked, id=17155, stack(0x000070000cb4d000,0x000070000cc4d000)]
  0x00007f9e0900c200 JavaThread "Finalizer" daemon [_thread_blocked, id=16899, stack(0x000070000cc50000,0x000070000cd50000)]
  0x00007f9e09027200 JavaThread "Signal Dispatcher" daemon [_thread_blocked, id=42755, stack(0x000070000cd53000,0x000070000ce53000)]
  0x00007f9e09029e00 JavaThread "Service Thread" daemon [_thread_blocked, id=42243, stack(0x000070000ce56000,0x000070000cf56000)]
  0x00007f9e0902a400 JavaThread "Monitor Deflation Thread" daemon [_thread_blocked, id=22275, stack(0x000070000cf59000,0x000070000d059000)]
  0x00007f9e0902aa00 JavaThread "C2 CompilerThread0" daemon [_thread_blocked, id=41731, stack(0x000070000d05c000,0x000070000d15c000)]
  0x00007f9e0882a800 JavaThread "C1 CompilerThread0" daemon [_thread_blocked, id=23043, stack(0x000070000d15f000,0x000070000d25f000)]
  0x00007f9e0902b000 JavaThread "Sweeper thread" daemon [_thread_blocked, id=41219, stack(0x000070000d262000,0x000070000d362000)]
  0x00007f9e0882ae00 JavaThread "Notification Thread" daemon [_thread_blocked, id=40963, stack(0x000070000d365000,0x000070000d465000)]
  0x00007f9e08815c00 JavaThread "Common-Cleaner" daemon [_thread_blocked, id=24067, stack(0x000070000d56b000,0x000070000d66b000)]

Other Threads:
  0x00007f9e08417590 VMThread "VM Thread" [stack: 0x000070000ca4a000,0x000070000cb4a000] [id=17411]
  0x00007f9e0851d500 WatcherThread [stack: 0x000070000d468000,0x000070000d568000] [id=23555]
  0x00007f9e08704f80 GCTaskThread "GC Thread#0" [stack: 0x000070000c53b000,0x000070000c63b000] [id=11779]
  0x00007f9e086085e0 ConcurrentGCThread "G1 Main Marker" [stack: 0x000070000c63e000,0x000070000c73e000] [id=18691]
  0x00007f9e08609630 ConcurrentGCThread "G1 Conc#0" [stack: 0x000070000c741000,0x000070000c841000] [id=18435]
  0x00007f9e08624e70 ConcurrentGCThread "G1 Refine#0" [stack: 0x000070000c844000,0x000070000c944000] [id=13059]
  0x00007f9e08625e80 ConcurrentGCThread "G1 Service" [stack: 0x000070000c947000,0x000070000ca47000] [id=13571]

Threads with active compile tasks:

VM state: not at safepoint (normal execution)

VM Mutex/Monitor currently owned by a thread: None

Heap address: 0x0000000780000000, size: 2048 MB, Compressed Oops mode: Zero based, Oop shift amount: 3

CDS archive(s) mapped at: [0x0000000800000000-0x0000000800bbb000-0x0000000800bbb000), size 12300288, SharedBaseAddress: 0x0000000800000000, ArchiveRelocationMode: 0.
Compressed class space mapped at: 0x0000000800c00000-0x0000000840c00000, reserved size: 1073741824
Narrow klass base: 0x0000000800000000, Narrow klass shift: 3, Narrow klass range: 0x100000000

GC Precious Log:
 CPUs: 4 total, 4 available
 Memory: 8192M
 Large Page Support: Disabled
 NUMA Support: Disabled
 Compressed Oops: Enabled (Zero based)
 Heap Region Size: 1M
 Heap Min Capacity: 8M
 Heap Initial Capacity: 128M
 Heap Max Capacity: 2G
 Pre-touch: Disabled
 Parallel Workers: 4
 Concurrent Workers: 1
 Concurrent Refinement Workers: 4
 Periodic GC: Disabled

Heap:
 garbage-first heap   total 133120K, used 6088K [0x0000000780000000, 0x0000000800000000)
  region size 1024K, 6 young (6144K), 0 survivors (0K)
 Metaspace       used 2150K, committed 2368K, reserved 1056768K
  class space    used 140K, committed 256K, reserved 1048576K

Heap Regions: E=young(eden), S=young(survivor), O=old, HS=humongous(starts), HC=humongous(continues), CS=collection set, F=free, OA=open archive, CA=closed archive, TAMS=top-at-mark-start (previous, next)
|   0|0x0000000780000000, 0x0000000780000000, 0x0000000780100000|  0%| F|  |TAMS 0x0000000780000000, 0x0000000780000000| Untracked 
|   1|0x0000000780100000, 0x0000000780100000, 0x0000000780200000|  0%| F|  |TAMS 0x0000000780100000, 0x0000000780100000| Untracked 
|   2|0x0000000780200000, 0x0000000780200000, 0x0000000780300000|  0%| F|  |TAMS 0x0000000780200000, 0x0000000780200000| Untracked 
|   3|0x0000000780300000, 0x0000000780300000, 0x0000000780400000|  0%| F|  |TAMS 0x0000000780300000, 0x0000000780300000| Untracked 
|   4|0x0000000780400000, 0x0000000780400000, 0x0000000780500000|  0%| F|  |TAMS 0x0000000780400000, 0x0000000780400000| Untracked 
|   5|0x0000000780500000, 0x0000000780500000, 0x0000000780600000|  0%| F|  |TAMS 0x0000000780500000, 0x0000000780500000| Untracked 
|   6|0x0000000780600000, 0x0000000780600000, 0x0000000780700000|  0%| F|  |TAMS 0x0000000780600000, 0x0000000780600000| Untracked 
|   7|0x0000000780700000, 0x0000000780700000, 0x0000000780800000|  0%| F|  |TAMS 0x0000000780700000, 0x0000000780700000| Untracked 
|   8|0x0000000780800000, 0x0000000780800000, 0x0000000780900000|  0%| F|  |TAMS 0x0000000780800000, 0x0000000780800000| Untracked 
|   9|0x0000000780900000, 0x0000000780900000, 0x0000000780a00000|  0%| F|  |TAMS 0x0000000780900000, 0x0000000780900000| Untracked 
|  10|0x0000000780a00000, 0x0000000780a00000, 0x0000000780b00000|  0%| F|  |TAMS 0x0000000780a00000, 0x0000000780a00000| Untracked 
|  11|0x0000000780b00000, 0x0000000780b00000, 0x0000000780c00000|  0%| F|  |TAMS 0x0000000780b00000, 0x0000000780b00000| Untracked 
|  12|0x0000000780c00000, 0x0000000780c00000, 0x0000000780d00000|  0%| F|  |TAMS 0x0000000780c00000, 0x0000000780c00000| Untracked 
|  13|0x0000000780d00000, 0x0000000780d00000, 0x0000000780e00000|  0%| F|  |TAMS 0x0000000780d00000, 0x0000000780d00000| Untracked 
|  14|0x0000000780e00000, 0x0000000780e00000, 0x0000000780f00000|  0%| F|  |TAMS 0x0000000780e00000, 0x0000000780e00000| Untracked 
|  15|0x0000000780f00000, 0x0000000780f00000, 0x0000000781000000|  0%| F|  |TAMS 0x0000000780f00000, 0x0000000780f00000| Untracked 
|  16|0x0000000781000000, 0x0000000781000000, 0x0000000781100000|  0%| F|  |TAMS 0x0000000781000000, 0x0000000781000000| Untracked 
|  17|0x0000000781100000, 0x0000000781100000, 0x0000000781200000|  0%| F|  |TAMS 0x0000000781100000, 0x0000000781100000| Untracked 
|  18|0x0000000781200000, 0x0000000781200000, 0x0000000781300000|  0%| F|  |TAMS 0x0000000781200000, 0x0000000781200000| Untracked 
|  19|0x0000000781300000, 0x0000000781300000, 0x0000000781400000|  0%| F|  |TAMS 0x0000000781300000, 0x0000000781300000| Untracked 
|  20|0x0000000781400000, 0x0000000781400000, 0x0000000781500000|  0%| F|  |TAMS 0x0000000781400000, 0x0000000781400000| Untracked 
|  21|0x0000000781500000, 0x0000000781500000, 0x0000000781600000|  0%| F|  |TAMS 0x0000000781500000, 0x0000000781500000| Untracked 
|  22|0x0000000781600000, 0x0000000781600000, 0x0000000781700000|  0%| F|  |TAMS 0x0000000781600000, 0x0000000781600000| Untracked 
|  23|0x0000000781700000, 0x0000000781700000, 0x0000000781800000|  0%| F|  |TAMS 0x0000000781700000, 0x0000000781700000| Untracked 
|  24|0x0000000781800000, 0x0000000781800000, 0x0000000781900000|  0%| F|  |TAMS 0x0000000781800000, 0x0000000781800000| Untracked 
|  25|0x0000000781900000, 0x0000000781900000, 0x0000000781a00000|  0%| F|  |TAMS 0x0000000781900000, 0x0000000781900000| Untracked 
|  26|0x0000000781a00000, 0x0000000781a00000, 0x0000000781b00000|  0%| F|  |TAMS 0x0000000781a00000, 0x0000000781a00000| Untracked 
|  27|0x0000000781b00000, 0x0000000781b00000, 0x0000000781c00000|  0%| F|  |TAMS 0x0000000781b00000, 0x0000000781b00000| Untracked 
|  28|0x0000000781c00000, 0x0000000781c00000, 0x0000000781d00000|  0%| F|  |TAMS 0x0000000781c00000, 0x0000000781c00000| Untracked 
|  29|0x0000000781d00000, 0x0000000781d00000, 0x0000000781e00000|  0%| F|  |TAMS 0x0000000781d00000, 0x0000000781d00000| Untracked 
|  30|0x0000000781e00000, 0x0000000781e00000, 0x0000000781f00000|  0%| F|  |TAMS 0x0000000781e00000, 0x0000000781e00000| Untracked 
|  31|0x0000000781f00000, 0x0000000781f00000, 0x0000000782000000|  0%| F|  |TAMS 0x0000000781f00000, 0x0000000781f00000| Untracked 
|  32|0x0000000782000000, 0x0000000782000000, 0x0000000782100000|  0%| F|  |TAMS 0x0000000782000000, 0x0000000782000000| Untracked 
|  33|0x0000000782100000, 0x0000000782100000, 0x0000000782200000|  0%| F|  |TAMS 0x0000000782100000, 0x0000000782100000| Untracked 
|  34|0x0000000782200000, 0x0000000782200000, 0x0000000782300000|  0%| F|  |TAMS 0x0000000782200000, 0x0000000782200000| Untracked 
|  35|0x0000000782300000, 0x0000000782300000, 0x0000000782400000|  0%| F|  |TAMS 0x0000000782300000, 0x0000000782300000| Untracked 
|  36|0x0000000782400000, 0x0000000782400000, 0x0000000782500000|  0%| F|  |TAMS 0x0000000782400000, 0x0000000782400000| Untracked 
|  37|0x0000000782500000, 0x0000000782500000, 0x0000000782600000|  0%| F|  |TAMS 0x0000000782500000, 0x0000000782500000| Untracked 
|  38|0x0000000782600000, 0x0000000782600000, 0x0000000782700000|  0%| F|  |TAMS 0x0000000782600000, 0x0000000782600000| Untracked 
|  39|0x0000000782700000, 0x0000000782700000, 0x0000000782800000|  0%| F|  |TAMS 0x0000000782700000, 0x0000000782700000| Untracked 
|  40|0x0000000782800000, 0x0000000782800000, 0x0000000782900000|  0%| F|  |TAMS 0x0000000782800000, 0x0000000782800000| Untracked 
|  41|0x0000000782900000, 0x0000000782900000, 0x0000000782a00000|  0%| F|  |TAMS 0x0000000782900000, 0x0000000782900000| Untracked 
|  42|0x0000000782a00000, 0x0000000782a00000, 0x0000000782b00000|  0%| F|  |TAMS 0x0000000782a00000, 0x0000000782a00000| Untracked 
|  43|0x0000000782b00000, 0x0000000782b00000, 0x0000000782c00000|  0%| F|  |TAMS 0x0000000782b00000, 0x0000000782b00000| Untracked 
|  44|0x0000000782c00000, 0x0000000782c00000, 0x0000000782d00000|  0%| F|  |TAMS 0x0000000782c00000, 0x0000000782c00000| Untracked 
|  45|0x0000000782d00000, 0x0000000782d00000, 0x0000000782e00000|  0%| F|  |TAMS 0x0000000782d00000, 0x0000000782d00000| Untracked 
|  46|0x0000000782e00000, 0x0000000782e00000, 0x0000000782f00000|  0%| F|  |TAMS 0x0000000782e00000, 0x0000000782e00000| Untracked 
|  47|0x0000000782f00000, 0x0000000782f00000, 0x0000000783000000|  0%| F|  |TAMS 0x0000000782f00000, 0x0000000782f00000| Untracked 
|  48|0x0000000783000000, 0x0000000783000000, 0x0000000783100000|  0%| F|  |TAMS 0x0000000783000000, 0x0000000783000000| Untracked 
|  49|0x0000000783100000, 0x0000000783100000, 0x0000000783200000|  0%| F|  |TAMS 0x0000000783100000, 0x0000000783100000| Untracked 
|  50|0x0000000783200000, 0x0000000783200000, 0x0000000783300000|  0%| F|  |TAMS 0x0000000783200000, 0x0000000783200000| Untracked 
|  51|0x0000000783300000, 0x0000000783300000, 0x0000000783400000|  0%| F|  |TAMS 0x0000000783300000, 0x0000000783300000| Untracked 
|  52|0x0000000783400000, 0x0000000783400000, 0x0000000783500000|  0%| F|  |TAMS 0x0000000783400000, 0x0000000783400000| Untracked 
|  53|0x0000000783500000, 0x0000000783500000, 0x0000000783600000|  0%| F|  |TAMS 0x0000000783500000, 0x0000000783500000| Untracked 
|  54|0x0000000783600000, 0x0000000783600000, 0x0000000783700000|  0%| F|  |TAMS 0x0000000783600000, 0x0000000783600000| Untracked 
|  55|0x0000000783700000, 0x0000000783700000, 0x0000000783800000|  0%| F|  |TAMS 0x0000000783700000, 0x0000000783700000| Untracked 
|  56|0x0000000783800000, 0x0000000783800000, 0x0000000783900000|  0%| F|  |TAMS 0x0000000783800000, 0x0000000783800000| Untracked 
|  57|0x0000000783900000, 0x0000000783900000, 0x0000000783a00000|  0%| F|  |TAMS 0x0000000783900000, 0x0000000783900000| Untracked 
|  58|0x0000000783a00000, 0x0000000783a00000, 0x0000000783b00000|  0%| F|  |TAMS 0x0000000783a00000, 0x0000000783a00000| Untracked 
|  59|0x0000000783b00000, 0x0000000783b00000, 0x0000000783c00000|  0%| F|  |TAMS 0x0000000783b00000, 0x0000000783b00000| Untracked 
|  60|0x0000000783c00000, 0x0000000783c00000, 0x0000000783d00000|  0%| F|  |TAMS 0x0000000783c00000, 0x0000000783c00000| Untracked 
|  61|0x0000000783d00000, 0x0000000783d00000, 0x0000000783e00000|  0%| F|  |TAMS 0x0000000783d00000, 0x0000000783d00000| Untracked 
|  62|0x0000000783e00000, 0x0000000783e00000, 0x0000000783f00000|  0%| F|  |TAMS 0x0000000783e00000, 0x0000000783e00000| Untracked 
|  63|0x0000000783f00000, 0x0000000783f00000, 0x0000000784000000|  0%| F|  |TAMS 0x0000000783f00000, 0x0000000783f00000| Untracked 
|  64|0x0000000784000000, 0x0000000784000000, 0x0000000784100000|  0%| F|  |TAMS 0x0000000784000000, 0x0000000784000000| Untracked 
|  65|0x0000000784100000, 0x0000000784100000, 0x0000000784200000|  0%| F|  |TAMS 0x0000000784100000, 0x0000000784100000| Untracked 
|  66|0x0000000784200000, 0x0000000784200000, 0x0000000784300000|  0%| F|  |TAMS 0x0000000784200000, 0x0000000784200000| Untracked 
|  67|0x0000000784300000, 0x0000000784300000, 0x0000000784400000|  0%| F|  |TAMS 0x0000000784300000, 0x0000000784300000| Untracked 
|  68|0x0000000784400000, 0x0000000784400000, 0x0000000784500000|  0%| F|  |TAMS 0x0000000784400000, 0x0000000784400000| Untracked 
|  69|0x0000000784500000, 0x0000000784500000, 0x0000000784600000|  0%| F|  |TAMS 0x0000000784500000, 0x0000000784500000| Untracked 
|  70|0x0000000784600000, 0x0000000784600000, 0x0000000784700000|  0%| F|  |TAMS 0x0000000784600000, 0x0000000784600000| Untracked 
|  71|0x0000000784700000, 0x0000000784700000, 0x0000000784800000|  0%| F|  |TAMS 0x0000000784700000, 0x0000000784700000| Untracked 
|  72|0x0000000784800000, 0x0000000784800000, 0x0000000784900000|  0%| F|  |TAMS 0x0000000784800000, 0x0000000784800000| Untracked 
|  73|0x0000000784900000, 0x0000000784900000, 0x0000000784a00000|  0%| F|  |TAMS 0x0000000784900000, 0x0000000784900000| Untracked 
|  74|0x0000000784a00000, 0x0000000784a00000, 0x0000000784b00000|  0%| F|  |TAMS 0x0000000784a00000, 0x0000000784a00000| Untracked 
|  75|0x0000000784b00000, 0x0000000784b00000, 0x0000000784c00000|  0%| F|  |TAMS 0x0000000784b00000, 0x0000000784b00000| Untracked 
|  76|0x0000000784c00000, 0x0000000784c00000, 0x0000000784d00000|  0%| F|  |TAMS 0x0000000784c00000, 0x0000000784c00000| Untracked 
|  77|0x0000000784d00000, 0x0000000784d00000, 0x0000000784e00000|  0%| F|  |TAMS 0x0000000784d00000, 0x0000000784d00000| Untracked 
|  78|0x0000000784e00000, 0x0000000784e00000, 0x0000000784f00000|  0%| F|  |TAMS 0x0000000784e00000, 0x0000000784e00000| Untracked 
|  79|0x0000000784f00000, 0x0000000784f00000, 0x0000000785000000|  0%| F|  |TAMS 0x0000000784f00000, 0x0000000784f00000| Untracked 
|  80|0x0000000785000000, 0x0000000785000000, 0x0000000785100000|  0%| F|  |TAMS 0x0000000785000000, 0x0000000785000000| Untracked 
|  81|0x0000000785100000, 0x0000000785100000, 0x0000000785200000|  0%| F|  |TAMS 0x0000000785100000, 0x0000000785100000| Untracked 
|  82|0x0000000785200000, 0x0000000785200000, 0x0000000785300000|  0%| F|  |TAMS 0x0000000785200000, 0x0000000785200000| Untracked 
|  83|0x0000000785300000, 0x0000000785300000, 0x0000000785400000|  0%| F|  |TAMS 0x0000000785300000, 0x0000000785300000| Untracked 
|  84|0x0000000785400000, 0x0000000785400000, 0x0000000785500000|  0%| F|  |TAMS 0x0000000785400000, 0x0000000785400000| Untracked 
|  85|0x0000000785500000, 0x0000000785500000, 0x0000000785600000|  0%| F|  |TAMS 0x0000000785500000, 0x0000000785500000| Untracked 
|  86|0x0000000785600000, 0x0000000785600000, 0x0000000785700000|  0%| F|  |TAMS 0x0000000785600000, 0x0000000785600000| Untracked 
|  87|0x0000000785700000, 0x0000000785700000, 0x0000000785800000|  0%| F|  |TAMS 0x0000000785700000, 0x0000000785700000| Untracked 
|  88|0x0000000785800000, 0x0000000785800000, 0x0000000785900000|  0%| F|  |TAMS 0x0000000785800000, 0x0000000785800000| Untracked 
|  89|0x0000000785900000, 0x0000000785900000, 0x0000000785a00000|  0%| F|  |TAMS 0x0000000785900000, 0x0000000785900000| Untracked 
|  90|0x0000000785a00000, 0x0000000785a00000, 0x0000000785b00000|  0%| F|  |TAMS 0x0000000785a00000, 0x0000000785a00000| Untracked 
|  91|0x0000000785b00000, 0x0000000785b00000, 0x0000000785c00000|  0%| F|  |TAMS 0x0000000785b00000, 0x0000000785b00000| Untracked 
|  92|0x0000000785c00000, 0x0000000785c00000, 0x0000000785d00000|  0%| F|  |TAMS 0x0000000785c00000, 0x0000000785c00000| Untracked 
|  93|0x0000000785d00000, 0x0000000785d00000, 0x0000000785e00000|  0%| F|  |TAMS 0x0000000785d00000, 0x0000000785d00000| Untracked 
|  94|0x0000000785e00000, 0x0000000785e00000, 0x0000000785f00000|  0%| F|  |TAMS 0x0000000785e00000, 0x0000000785e00000| Untracked 
|  95|0x0000000785f00000, 0x0000000785f00000, 0x0000000786000000|  0%| F|  |TAMS 0x0000000785f00000, 0x0000000785f00000| Untracked 
|  96|0x0000000786000000, 0x0000000786000000, 0x0000000786100000|  0%| F|  |TAMS 0x0000000786000000, 0x0000000786000000| Untracked 
|  97|0x0000000786100000, 0x0000000786100000, 0x0000000786200000|  0%| F|  |TAMS 0x0000000786100000, 0x0000000786100000| Untracked 
|  98|0x0000000786200000, 0x0000000786200000, 0x0000000786300000|  0%| F|  |TAMS 0x0000000786200000, 0x0000000786200000| Untracked 
|  99|0x0000000786300000, 0x0000000786300000, 0x0000000786400000|  0%| F|  |TAMS 0x0000000786300000, 0x0000000786300000| Untracked 
| 100|0x0000000786400000, 0x0000000786400000, 0x0000000786500000|  0%| F|  |TAMS 0x0000000786400000, 0x0000000786400000| Untracked 
| 101|0x0000000786500000, 0x0000000786500000, 0x0000000786600000|  0%| F|  |TAMS 0x0000000786500000, 0x0000000786500000| Untracked 
| 102|0x0000000786600000, 0x0000000786600000, 0x0000000786700000|  0%| F|  |TAMS 0x0000000786600000, 0x0000000786600000| Untracked 
| 103|0x0000000786700000, 0x0000000786700000, 0x0000000786800000|  0%| F|  |TAMS 0x0000000786700000, 0x0000000786700000| Untracked 
| 104|0x0000000786800000, 0x0000000786800000, 0x0000000786900000|  0%| F|  |TAMS 0x0000000786800000, 0x0000000786800000| Untracked 
| 105|0x0000000786900000, 0x0000000786900000, 0x0000000786a00000|  0%| F|  |TAMS 0x0000000786900000, 0x0000000786900000| Untracked 
| 106|0x0000000786a00000, 0x0000000786a00000, 0x0000000786b00000|  0%| F|  |TAMS 0x0000000786a00000, 0x0000000786a00000| Untracked 
| 107|0x0000000786b00000, 0x0000000786b00000, 0x0000000786c00000|  0%| F|  |TAMS 0x0000000786b00000, 0x0000000786b00000| Untracked 
| 108|0x0000000786c00000, 0x0000000786c00000, 0x0000000786d00000|  0%| F|  |TAMS 0x0000000786c00000, 0x0000000786c00000| Untracked 
| 109|0x0000000786d00000, 0x0000000786d00000, 0x0000000786e00000|  0%| F|  |TAMS 0x0000000786d00000, 0x0000000786d00000| Untracked 
| 110|0x0000000786e00000, 0x0000000786e00000, 0x0000000786f00000|  0%| F|  |TAMS 0x0000000786e00000, 0x0000000786e00000| Untracked 
| 111|0x0000000786f00000, 0x0000000786f00000, 0x0000000787000000|  0%| F|  |TAMS 0x0000000786f00000, 0x0000000786f00000| Untracked 
| 112|0x0000000787000000, 0x0000000787000000, 0x0000000787100000|  0%| F|  |TAMS 0x0000000787000000, 0x0000000787000000| Untracked 
| 113|0x0000000787100000, 0x0000000787100000, 0x0000000787200000|  0%| F|  |TAMS 0x0000000787100000, 0x0000000787100000| Untracked 
| 114|0x0000000787200000, 0x0000000787200000, 0x0000000787300000|  0%| F|  |TAMS 0x0000000787200000, 0x0000000787200000| Untracked 
| 115|0x0000000787300000, 0x0000000787300000, 0x0000000787400000|  0%| F|  |TAMS 0x0000000787300000, 0x0000000787300000| Untracked 
| 116|0x0000000787400000, 0x0000000787400000, 0x0000000787500000|  0%| F|  |TAMS 0x0000000787400000, 0x0000000787400000| Untracked 
| 117|0x0000000787500000, 0x0000000787500000, 0x0000000787600000|  0%| F|  |TAMS 0x0000000787500000, 0x0000000787500000| Untracked 
| 118|0x0000000787600000, 0x0000000787600000, 0x0000000787700000|  0%| F|  |TAMS 0x0000000787600000, 0x0000000787600000| Untracked 
| 119|0x0000000787700000, 0x0000000787700000, 0x0000000787800000|  0%| F|  |TAMS 0x0000000787700000, 0x0000000787700000| Untracked 
| 120|0x0000000787800000, 0x0000000787800000, 0x0000000787900000|  0%| F|  |TAMS 0x0000000787800000, 0x0000000787800000| Untracked 
| 121|0x0000000787900000, 0x0000000787900000, 0x0000000787a00000|  0%| F|  |TAMS 0x0000000787900000, 0x0000000787900000| Untracked 
| 122|0x0000000787a00000, 0x0000000787b00000, 0x0000000787b00000|100%| E|  |TAMS 0x0000000787a00000, 0x0000000787a00000| Complete 
| 123|0x0000000787b00000, 0x0000000787c00000, 0x0000000787c00000|100%| E|CS|TAMS 0x0000000787b00000, 0x0000000787b00000| Complete 
| 124|0x0000000787c00000, 0x0000000787d00000, 0x0000000787d00000|100%| E|CS|TAMS 0x0000000787c00000, 0x0000000787c00000| Complete 
| 125|0x0000000787d00000, 0x0000000787e00000, 0x0000000787e00000|100%| E|CS|TAMS 0x0000000787d00000, 0x0000000787d00000| Complete 
| 126|0x0000000787e00000, 0x0000000787f00000, 0x0000000787f00000|100%| E|CS|TAMS 0x0000000787e00000, 0x0000000787e00000| Complete 
| 127|0x0000000787f00000, 0x0000000788000000, 0x0000000788000000|100%| E|CS|TAMS 0x0000000787f00000, 0x0000000787f00000| Complete 
|1022|0x00000007bfe00000, 0x00000007bfe75000, 0x00000007bff00000| 45%|OA|  |TAMS 0x00000007bfe00000, 0x00000007bfe00000| Untracked 
|1023|0x00000007bff00000, 0x00000007bff7d000, 0x00000007c0000000| 48%|CA|  |TAMS 0x00000007bff00000, 0x00000007bff00000| Untracked 

Card table byte_map: [0x0000000103449000,0x0000000103849000] _byte_map_base: 0x00000000ff849000

Marking Bits (Prev, Next): (CMBitMap*) 0x00007f9e09802e10, (CMBitMap*) 0x00007f9e09802e50
 Prev Bits: [0x0000000103c49000, 0x0000000105c49000)
 Next Bits: [0x0000000105c49000, 0x0000000107c49000)

Polling page: 0x0000000101154000

Metaspace:

Usage:
  Non-class:      1.96 MB used.
      Class:    140.87 KB used.
       Both:      2.10 MB used.

Virtual space:
  Non-class space:        8.00 MB reserved,       2.06 MB ( 26%) committed,  1 nodes.
      Class space:        1.00 GB reserved,     256.00 KB ( <1%) committed,  1 nodes.
              Both:        1.01 GB reserved,       2.31 MB ( <1%) committed. 

Chunk freelists:
   Non-Class:  3.09 MB
       Class:  3.67 MB
        Both:  6.76 MB

MaxMetaspaceSize: 17179869184.00 GB
CompressedClassSpaceSize: 1.00 GB
 - commit_granule_bytes: 65536.
 - commit_granule_words: 8192.
 - virtual_space_node_default_size: 1048576.
 - enlarge_chunks_in_place: 1.
 - new_chunks_are_fully_committed: 0.
 - uncommit_free_chunks: 1.
 - use_allocation_guard: 0.
 - handle_deallocations: 1.


Internal statistics:

num_allocs_failed_limit: 0.
num_arena_births: 58.
num_arena_deaths: 0.
num_vsnodes_births: 2.
num_vsnodes_deaths: 0.
num_space_committed: 37.
num_space_uncommitted: 0.
num_chunks_returned_to_freelist: 0.
num_chunks_taken_from_freelist: 109.
num_chunk_merges: 0.
num_chunk_splits: 70.
num_chunks_enlarged: 48.
num_purges: 0.

CodeHeap 'non-profiled nmethods': size=120032Kb used=126Kb max_used=126Kb free=119905Kb
 bounds [0x0000000117dda000, 0x000000011804a000, 0x000000011f312000]
CodeHeap 'profiled nmethods': size=120028Kb used=698Kb max_used=698Kb free=119329Kb
 bounds [0x00000001108a3000, 0x0000000110b13000, 0x0000000117dda000]
CodeHeap 'non-nmethods': size=5700Kb used=1518Kb max_used=1532Kb free=4181Kb
 bounds [0x0000000110312000, 0x0000000110582000, 0x00000001108a3000]
 total_blobs=1374 nmethods=452 adapters=836
 compilation: enabled
              stopped_count=0, restarted_count=0
 full_count=0

Compilation events (20 events):
Event: 0.761 Thread 0x00007f9e0882a800  440       3       java.nio.charset.CoderResult::isUnderflow (13 bytes)
Event: 0.761 Thread 0x00007f9e0882a800 nmethod 440 0x000000011094f290 code [0x000000011094f420, 0x000000011094f590]
Event: 0.761 Thread 0x00007f9e0882a800  438       3       jdk.internal.misc.Unsafe::checkPrimitivePointer (19 bytes)
Event: 0.762 Thread 0x00007f9e0882a800 nmethod 438 0x000000011094f610 code [0x000000011094f820, 0x000000011094fe40]
Event: 0.762 Thread 0x00007f9e0882a800  439       3       jdk.internal.misc.Unsafe::checkPointer (19 bytes)
Event: 0.762 Thread 0x00007f9e0882a800 nmethod 439 0x0000000110950090 code [0x0000000110950260, 0x0000000110950600]
Event: 0.762 Thread 0x00007f9e0882a800  441       1       sun.nio.fs.UnixPath::getFileSystem (5 bytes)
Event: 0.762 Thread 0x00007f9e0882a800 nmethod 441 0x0000000117df8c90 code [0x0000000117df8e20, 0x0000000117df8ef0]
Event: 0.768 Thread 0x00007f9e0882a800  448   !   3       java.util.zip.ZipFile$Source::readFullyAt (74 bytes)
Event: 0.768 Thread 0x00007f9e0902aa00  451       4       java.lang.Integer::toUnsignedLong (7 bytes)
Event: 0.768 Thread 0x00007f9e0882a800 nmethod 448 0x0000000110950790 code [0x00000001109509a0, 0x0000000110950f60]
Event: 0.768 Thread 0x00007f9e0882a800  449       3       sun.misc.Unsafe::putLong (11 bytes)
Event: 0.768 Thread 0x00007f9e0882a800 nmethod 449 0x0000000110951310 code [0x00000001109514a0, 0x00000001109515b0]
Event: 0.768 Thread 0x00007f9e0902aa00 nmethod 451 0x0000000117df8f90 code [0x0000000117df9100, 0x0000000117df9158]
Event: 0.768 Thread 0x00007f9e0882a800  450       3       org.lwjgl.system.MemoryUtil::memPutAddress (29 bytes)
Event: 0.768 Thread 0x00007f9e0902aa00  452       4       sun.misc.Unsafe::putLong (11 bytes)
Event: 0.769 Thread 0x00007f9e0882a800 nmethod 450 0x0000000110951690 code [0x0000000110951840, 0x0000000110951a30]
Event: 0.769 Thread 0x00007f9e0882a800  447       1       java.nio.HeapByteBuffer::isDirect (2 bytes)
Event: 0.769 Thread 0x00007f9e0882a800 nmethod 447 0x0000000117df9290 code [0x0000000117df9420, 0x0000000117df94f0]
Event: 0.769 Thread 0x00007f9e0902aa00 nmethod 452 0x0000000117df9590 code [0x0000000117df9720, 0x0000000117df97b8]

GC Heap History (0 events):
No events

Deoptimization events (0 events):
No events

Classes unloaded (0 events):
No events

Classes redefined (0 events):
No events

Internal exceptions (19 events):
Event: 0.492 Thread 0x00007f9e09802200 Exception <a 'java/lang/NoSuchMethodError'{0x0000000787c25500}: 'void java.lang.invoke.DirectMethodHandle$Holder.invokeStatic(java.lang.Object, java.lang.Object)'> (0x0000000787c25500) 
thrown [./open/src/hotspot/share/interpreter/linkResolver.cpp, line 790]
Event: 0.495 Thread 0x00007f9e09802200 Exception <a 'java/lang/NoSuchMethodError'{0x0000000787c2aa10}: 'void java.lang.invoke.DirectMethodHandle$Holder.invokeSpecial(java.lang.Object, java.lang.Object, java.lang.Object)'> (0x0000000787c2aa10) 
thrown [./open/src/hotspot/share/interpreter/linkResolver.cpp, line 790]
Event: 0.502 Thread 0x00007f9e09802200 Exception <a 'java/lang/NoSuchMethodError'{0x0000000787c3ed30}: 'java.lang.Object java.lang.invoke.DirectMethodHandle$Holder.invokeStatic(java.lang.Object, java.lang.Object, int)'> (0x0000000787c3ed30) 
thrown [./open/src/hotspot/share/interpreter/linkResolver.cpp, line 790]
Event: 0.504 Thread 0x00007f9e09802200 Exception <a 'java/lang/NoSuchMethodError'{0x0000000787c4b3b8}: 'void java.lang.invoke.DelegatingMethodHandle$Holder.delegate(java.lang.Object, java.lang.Object, int, java.lang.Object)'> (0x0000000787c4b3b8) 
thrown [./open/src/hotspot/share/interpreter/linkResolver.cpp, line 790]
Event: 0.504 Thread 0x00007f9e09802200 Exception <a 'java/lang/NoSuchMethodError'{0x0000000787c4f438}: 'int java.lang.invoke.DirectMethodHandle$Holder.invokeSpecial(java.lang.Object, java.lang.Object, java.lang.Object)'> (0x0000000787c4f438) 
thrown [./open/src/hotspot/share/interpreter/linkResolver.cpp, line 790]
Event: 0.558 Thread 0x00007f9e09802200 Exception <a 'sun/nio/fs/UnixException'{0x0000000787ccb658}> (0x0000000787ccb658) 
thrown [./open/src/hotspot/share/prims/jni.cpp, line 579]
Event: 0.575 Thread 0x00007f9e09802200 Exception <a 'sun/nio/fs/UnixException'{0x0000000787b1b0d0}> (0x0000000787b1b0d0) 
thrown [./open/src/hotspot/share/prims/jni.cpp, line 579]
Event: 0.587 Thread 0x00007f9e09802200 Exception <a 'java/lang/NoSuchMethodError'{0x0000000787b6ac48}: 'java.lang.Object java.lang.invoke.DirectMethodHandle$Holder.invokeStatic(java.lang.Object)'> (0x0000000787b6ac48) 
thrown [./open/src/hotspot/share/interpreter/linkResolver.cpp, line 790]
Event: 0.587 Thread 0x00007f9e09802200 Exception <a 'java/lang/NoSuchMethodError'{0x0000000787b6e2b8}: 'java.lang.Object java.lang.invoke.DirectMethodHandle$Holder.invokeStaticInit(java.lang.Object)'> (0x0000000787b6e2b8) 
thrown [./open/src/hotspot/share/interpreter/linkResolver.cpp, line 790]
Event: 0.593 Thread 0x00007f9e09802200 Exception <a 'java/lang/NoSuchMethodError'{0x0000000787b8b538}: 'int java.lang.invoke.DirectMethodHandle$Holder.invokeStaticInit(java.lang.Object, java.lang.Object, int, long)'> (0x0000000787b8b538) 
thrown [./open/src/hotspot/share/interpreter/linkResolver.cpp, line 790]
Event: 0.594 Thread 0x00007f9e09802200 Exception <a 'java/lang/NoSuchMethodError'{0x0000000787b91008}: 'java.lang.Object java.lang.invoke.DirectMethodHandle$Holder.newInvokeSpecial(java.lang.Object, java.lang.Object, int)'> (0x0000000787b91008) 
thrown [./open/src/hotspot/share/interpreter/linkResolver.cpp, line 790]
Event: 0.600 Thread 0x00007f9e09802200 Exception <a 'java/lang/NoSuchMethodError'{0x0000000787ba3748}: 'int java.lang.invoke.DirectMethodHandle$Holder.invokeStaticInit(java.lang.Object, java.lang.Object, long, long)'> (0x0000000787ba3748) 
thrown [./open/src/hotspot/share/interpreter/linkResolver.cpp, line 790]
Event: 0.601 Thread 0x00007f9e09802200 Exception <a 'java/lang/NoSuchMethodError'{0x0000000787ba9d38}: 'java.lang.Object java.lang.invoke.DirectMethodHandle$Holder.newInvokeSpecial(java.lang.Object, java.lang.Object, long)'> (0x0000000787ba9d38) 
thrown [./open/src/hotspot/share/interpreter/linkResolver.cpp, line 790]
Event: 0.601 Thread 0x00007f9e09802200 Exception <a 'java/lang/NoSuchMethodError'{0x0000000787bade90}: 'java.lang.Object java.lang.invoke.Invokers$Holder.linkToTargetMethod(java.lang.Object, long, java.lang.Object)'> (0x0000000787bade90) 
thrown [./open/src/hotspot/share/interpreter/linkResolver.cpp, line 790]
Event: 0.602 Thread 0x00007f9e09802200 Exception <a 'java/lang/NoSuchMethodError'{0x0000000787bb5938}: 'int java.lang.invoke.DirectMethodHandle$Holder.invokeStaticInit(java.lang.Object, java.lang.Object, java.lang.Object, long)'> (0x0000000787bb5938) 
thrown [./open/src/hotspot/share/interpreter/linkResolver.cpp, line 790]
Event: 0.625 Thread 0x00007f9e09802200 Exception <a 'sun/nio/fs/UnixException'{0x0000000787a3eb68}> (0x0000000787a3eb68) 
thrown [./open/src/hotspot/share/prims/jni.cpp, line 579]
Event: 0.746 Thread 0x00007f9e09802200 Exception <a 'sun/nio/fs/UnixException'{0x0000000787acefc0}> (0x0000000787acefc0) 
thrown [./open/src/hotspot/share/prims/jni.cpp, line 579]
Event: 0.747 Thread 0x00007f9e09802200 Exception <a 'sun/nio/fs/UnixException'{0x0000000787ad66f8}> (0x0000000787ad66f8) 
thrown [./open/src/hotspot/share/prims/jni.cpp, line 579]
Event: 0.755 Thread 0x00007f9e09802200 Exception <a 'sun/nio/fs/UnixException'{0x0000000787ad9748}> (0x0000000787ad9748) 
thrown [./open/src/hotspot/share/prims/jni.cpp, line 579]

Events (20 events):
Event: 0.590 loading class jdk/internal/reflect/UnsafeQualifiedStaticFieldAccessorImpl
Event: 0.590 loading class jdk/internal/reflect/UnsafeQualifiedStaticFieldAccessorImpl done
Event: 0.590 loading class jdk/internal/reflect/UnsafeQualifiedStaticObjectFieldAccessorImpl done
Event: 0.593 loading class java/util/function/LongPredicate
Event: 0.593 loading class java/util/function/LongPredicate done
Event: 0.596 loading class jdk/internal/access/foreign/MemorySegmentProxy
Event: 0.596 loading class jdk/internal/access/foreign/MemorySegmentProxy done
Event: 0.604 loading class java/nio/InvalidMarkException
Event: 0.605 loading class java/nio/InvalidMarkException done
Event: 0.605 loading class java/nio/BufferUnderflowException
Event: 0.605 loading class java/nio/BufferUnderflowException done
Event: 0.609 loading class java/lang/IndexOutOfBoundsException
Event: 0.609 loading class java/lang/IndexOutOfBoundsException done
Event: 0.616 loading class jdk/internal/misc/ScopedMemoryAccess$Scope
Event: 0.616 loading class jdk/internal/misc/ScopedMemoryAccess$Scope done
Event: 0.746 loading class java/nio/file/FileAlreadyExistsException
Event: 0.746 loading class java/nio/file/FileAlreadyExistsException done
Event: 0.747 loading class java/nio/file/StandardCopyOption
Event: 0.747 loading class java/nio/file/StandardCopyOption done
Event: 0.757 Loaded shared library /private/var/folders/d4/z4k1h3vx4wjfx481pcdjc6fw0000gp/T/lwjgldeletelater/3.3.1-build-7/liblwjgl_opengl.dylib


Dynamic libraries:
0x00007fff6c30d000 	/usr/lib/libz.1.dylib
0x0000000101102000 	/Library/Java/JavaVirtualMachines/jdk-16.0.1.jdk/Contents/Home/lib/libjli.dylib
0x00007fff41171000 	/System/Library/Frameworks/Cocoa.framework/Versions/A/Cocoa
0x00007fff4ceb3000 	/System/Library/Frameworks/Security.framework/Versions/A/Security
0x00007fff3fe04000 	/System/Library/Frameworks/ApplicationServices.framework/Versions/A/ApplicationServices
0x00007fff69c67000 	/usr/lib/libSystem.B.dylib
0x00007fff6cb03000 	/usr/lib/system/libcache.dylib
0x00007fff6cb08000 	/usr/lib/system/libcommonCrypto.dylib
0x00007fff6cb13000 	/usr/lib/system/libcompiler_rt.dylib
0x00007fff6cb1b000 	/usr/lib/system/libcopyfile.dylib
0x00007fff6cb25000 	/usr/lib/system/libcorecrypto.dylib
0x00007fff6cc30000 	/usr/lib/system/libdispatch.dylib
0x00007fff6cc6a000 	/usr/lib/system/libdyld.dylib
0x00007fff6cc97000 	/usr/lib/system/libkeymgr.dylib
0x00007fff6cca5000 	/usr/lib/system/liblaunch.dylib
0x00007fff6cca6000 	/usr/lib/system/libmacho.dylib
0x00007fff6ccac000 	/usr/lib/system/libquarantine.dylib
0x00007fff6ccaf000 	/usr/lib/system/libremovefile.dylib
0x00007fff6ccb1000 	/usr/lib/system/libsystem_asl.dylib
0x00007fff6ccc9000 	/usr/lib/system/libsystem_blocks.dylib
0x00007fff6ccca000 	/usr/lib/system/libsystem_c.dylib
0x00007fff6cd52000 	/usr/lib/system/libsystem_configuration.dylib
0x00007fff6cd56000 	/usr/lib/system/libsystem_coreservices.dylib
0x00007fff6cd5a000 	/usr/lib/system/libsystem_darwin.dylib
0x00007fff6cd61000 	/usr/lib/system/libsystem_dnssd.dylib
0x00007fff6cd68000 	/usr/lib/system/libsystem_info.dylib
0x00007fff6cddd000 	/usr/lib/system/libsystem_m.dylib
0x00007fff6ce29000 	/usr/lib/system/libsystem_malloc.dylib
0x00007fff6ce54000 	/usr/lib/system/libsystem_networkextension.dylib
0x00007fff6ce5f000 	/usr/lib/system/libsystem_notify.dylib
0x00007fff6ce7c000 	/usr/lib/system/libsystem_sandbox.dylib
0x00007fff6ce80000 	/usr/lib/system/libsystem_secinit.dylib
0x00007fff6cdb4000 	/usr/lib/system/libsystem_kernel.dylib
0x00007fff6ce67000 	/usr/lib/system/libsystem_platform.dylib
0x00007fff6ce71000 	/usr/lib/system/libsystem_pthread.dylib
0x00007fff6ce83000 	/usr/lib/system/libsystem_symptoms.dylib
0x00007fff6ce8b000 	/usr/lib/system/libsystem_trace.dylib
0x00007fff6cea2000 	/usr/lib/system/libunwind.dylib
0x00007fff6cea8000 	/usr/lib/system/libxpc.dylib
0x00007fff6b49e000 	/usr/lib/libobjc.A.dylib
0x00007fff69efe000 	/usr/lib/libc++abi.dylib
0x00007fff69eaa000 	/usr/lib/libc++.1.dylib
0x00007fff41984000 	/System/Library/Frameworks/CoreFoundation.framework/Versions/A/CoreFoundation
0x00007fff43c07000 	/System/Library/Frameworks/Foundation.framework/Versions/C/Foundation
0x00007fff3effd000 	/System/Library/Frameworks/AppKit.framework/Versions/C/AppKit
0x00007fff4150d000 	/System/Library/Frameworks/CoreData.framework/Versions/A/CoreData
0x00007fff64092000 	/System/Library/PrivateFrameworks/RemoteViewServices.framework/Versions/A/RemoteViewServices
0x00007fff67ae0000 	/System/Library/PrivateFrameworks/UIFoundation.framework/Versions/A/UIFoundation
0x00007fff69088000 	/System/Library/PrivateFrameworks/XCTTargetBootstrap.framework/Versions/A/XCTTargetBootstrap
0x00007fff41893000 	/System/Library/Frameworks/CoreDisplay.framework/Versions/A/CoreDisplay
0x00007fff5ef42000 	/System/Library/PrivateFrameworks/IconServices.framework/Versions/A/IconServices
0x00007fff46528000 	/System/Library/Frameworks/Metal.framework/Versions/A/Metal
0x00007fff5649b000 	/System/Library/PrivateFrameworks/DesktopServicesPriv.framework/Versions/A/DesktopServicesPriv
0x00007fff6a801000 	/usr/lib/libenergytrace.dylib
0x00007fff65fc7000 	/System/Library/PrivateFrameworks/SkyLight.framework/Versions/A/SkyLight
0x00007fff41dcb000 	/System/Library/Frameworks/CoreGraphics.framework/Versions/A/CoreGraphics
0x00007fff3ddc9000 	/System/Library/Frameworks/Accelerate.framework/Versions/A/Accelerate
0x00007fff44350000 	/System/Library/Frameworks/IOSurface.framework/Versions/A/IOSurface
0x00007fff56307000 	/System/Library/PrivateFrameworks/DFRFoundation.framework/Versions/A/DFRFoundation
0x00007fff402e7000 	/System/Library/Frameworks/AudioToolbox.framework/Versions/A/AudioToolbox
0x00007fff40560000 	/System/Library/Frameworks/AudioUnit.framework/Versions/A/AudioUnit
0x00007fff5639c000 	/System/Library/PrivateFrameworks/DataDetectorsCore.framework/Versions/A/DataDetectorsCore
0x00007fff40c74000 	/System/Library/Frameworks/Carbon.framework/Versions/A/Frameworks/HIToolbox.framework/Versions/A/HIToolbox
0x00007fff6a95a000 	/usr/lib/libicucore.A.dylib
0x00007fff4c427000 	/System/Library/Frameworks/QuartzCore.framework/Versions/A/QuartzCore
0x00007fff41049000 	/System/Library/Frameworks/Carbon.framework/Versions/A/Frameworks/SpeechRecognition.framework/Versions/A/SpeechRecognition
0x00007fff69dbb000 	/usr/lib/libauto.dylib
0x00007fff6c201000 	/usr/lib/libxml2.2.dylib
0x00007fff55ee2000 	/System/Library/PrivateFrameworks/CoreUI.framework/Versions/A/CoreUI
0x00007fff4145a000 	/System/Library/Frameworks/CoreAudio.framework/Versions/A/CoreAudio
0x00007fff43a3c000 	/System/Library/Frameworks/DiskArbitration.framework/Versions/A/DiskArbitration
0x00007fff6ac08000 	/usr/lib/liblangid.dylib
0x00007fff601d7000 	/System/Library/PrivateFrameworks/MultitouchSupport.framework/Versions/A/MultitouchSupport
0x00007fff442bf000 	/System/Library/Frameworks/IOKit.framework/Versions/A/IOKit
0x00007fff69827000 	/usr/lib/libDiagnosticMessagesClient.dylib
0x00007fff42bda000 	/System/Library/Frameworks/CoreServices.framework/Versions/A/CoreServices
0x00007fff61e91000 	/System/Library/PrivateFrameworks/PerformanceAnalysis.framework/Versions/A/PerformanceAnalysis
0x00007fff4b615000 	/System/Library/Frameworks/OpenGL.framework/Versions/A/OpenGL
0x00007fff4117f000 	/System/Library/Frameworks/ColorSync.framework/Versions/A/ColorSync
0x00007fff4245c000 	/System/Library/Frameworks/CoreImage.framework/Versions/A/CoreImage
0x00007fff435b2000 	/System/Library/Frameworks/CoreText.framework/Versions/A/CoreText
0x00007fff443b3000 	/System/Library/Frameworks/ImageIO.framework/Versions/A/ImageIO
0x00007fff52554000 	/System/Library/PrivateFrameworks/Backup.framework/Versions/A/Backup
0x00007fff69d0e000 	/usr/lib/libarchive.2.dylib
0x00007fff408b9000 	/System/Library/Frameworks/CFNetwork.framework/Versions/A/CFNetwork
0x00007fff4d60f000 	/System/Library/Frameworks/SystemConfiguration.framework/Versions/A/SystemConfiguration
0x00007fff69758000 	/usr/lib/libCRFSuite.dylib
0x00007fff69e8b000 	/usr/lib/libbsm.0.dylib
0x00007fff6cc98000 	/usr/lib/system/libkxld.dylib
0x00007fff51945000 	/System/Library/PrivateFrameworks/AppleFSCompression.framework/Versions/A/AppleFSCompression
0x00007fff69b27000 	/usr/lib/libOpenScriptingUtil.dylib
0x00007fff6a1b3000 	/usr/lib/libcoretls.dylib
0x00007fff6a1ca000 	/usr/lib/libcoretls_cfhelpers.dylib
0x00007fff6bc35000 	/usr/lib/libpam.2.dylib
0x00007fff6bdf5000 	/usr/lib/libsqlite3.dylib
0x00007fff6c1ef000 	/usr/lib/libxar.1.dylib
0x00007fff69e9c000 	/usr/lib/libbz2.1.0.dylib
0x00007fff6ac0a000 	/usr/lib/liblzma.5.dylib
0x00007fff6b0bb000 	/usr/lib/libnetwork.dylib
0x00007fff69cf7000 	/usr/lib/libapple_nghttp2.dylib
0x00007fff6bc3c000 	/usr/lib/libpcap.A.dylib
0x00007fff42f79000 	/System/Library/Frameworks/CoreServices.framework/Versions/A/Frameworks/FSEvents.framework/Versions/A/FSEvents
0x00007fff42c58000 	/System/Library/Frameworks/CoreServices.framework/Versions/A/Frameworks/CarbonCore.framework/Versions/A/CarbonCore
0x00007fff43134000 	/System/Library/Frameworks/CoreServices.framework/Versions/A/Frameworks/Metadata.framework/Versions/A/Metadata
0x00007fff431d3000 	/System/Library/Frameworks/CoreServices.framework/Versions/A/Frameworks/OSServices.framework/Versions/A/OSServices
0x00007fff4321e000 	/System/Library/Frameworks/CoreServices.framework/Versions/A/Frameworks/SearchKit.framework/Versions/A/SearchKit
0x00007fff42bdb000 	/System/Library/Frameworks/CoreServices.framework/Versions/A/Frameworks/AE.framework/Versions/A/AE
0x00007fff42f82000 	/System/Library/Frameworks/CoreServices.framework/Versions/A/Frameworks/LaunchServices.framework/Versions/A/LaunchServices
0x00007fff42f30000 	/System/Library/Frameworks/CoreServices.framework/Versions/A/Frameworks/DictionaryServices.framework/Versions/A/DictionaryServices
0x00007fff43286000 	/System/Library/Frameworks/CoreServices.framework/Versions/A/Frameworks/SharedFileList.framework/Versions/A/SharedFileList
0x00007fff475f0000 	/System/Library/Frameworks/NetFS.framework/Versions/A/NetFS
0x00007fff6043d000 	/System/Library/PrivateFrameworks/NetAuth.framework/Versions/A/NetAuth
0x00007fff6948c000 	/System/Library/PrivateFrameworks/login.framework/Versions/A/Frameworks/loginsupport.framework/Versions/A/loginsupport
0x00007fff676e9000 	/System/Library/PrivateFrameworks/TCC.framework/Versions/A/TCC
0x00007fff5553f000 	/System/Library/PrivateFrameworks/CoreNLP.framework/Versions/A/CoreNLP
0x00007fff6003b000 	/System/Library/PrivateFrameworks/MetadataUtilities.framework/Versions/A/MetadataUtilities
0x00007fff6acdf000 	/usr/lib/libmecabra.dylib
0x00007fff3fe05000 	/System/Library/Frameworks/ApplicationServices.framework/Versions/A/Frameworks/ATS.framework/Versions/A/ATS
0x00007fff40154000 	/System/Library/Frameworks/ApplicationServices.framework/Versions/A/Frameworks/ColorSyncLegacy.framework/Versions/A/ColorSyncLegacy
0x00007fff401f3000 	/System/Library/Frameworks/ApplicationServices.framework/Versions/A/Frameworks/HIServices.framework/Versions/A/HIServices
0x00007fff40246000 	/System/Library/Frameworks/ApplicationServices.framework/Versions/A/Frameworks/LangAnalysis.framework/Versions/A/LangAnalysis
0x00007fff40256000 	/System/Library/Frameworks/ApplicationServices.framework/Versions/A/Frameworks/PrintCore.framework/Versions/A/PrintCore
0x00007fff402a0000 	/System/Library/Frameworks/ApplicationServices.framework/Versions/A/Frameworks/QD.framework/Versions/A/QD
0x00007fff402da000 	/System/Library/Frameworks/ApplicationServices.framework/Versions/A/Frameworks/SpeechSynthesis.framework/Versions/A/SpeechSynthesis
0x00007fff69f26000 	/usr/lib/libcompression.dylib
0x00007fff467f8000 	/System/Library/Frameworks/MetalPerformanceShaders.framework/Versions/A/MetalPerformanceShaders
0x00007fff3dde1000 	/System/Library/Frameworks/Accelerate.framework/Versions/A/Frameworks/vImage.framework/Versions/A/vImage
0x00007fff3ee5b000 	/System/Library/Frameworks/Accelerate.framework/Versions/A/Frameworks/vecLib.framework/Versions/A/vecLib
0x00007fff3eda7000 	/System/Library/Frameworks/Accelerate.framework/Versions/A/Frameworks/vecLib.framework/Versions/A/libvMisc.dylib
0x00007fff3ebbf000 	/System/Library/Frameworks/Accelerate.framework/Versions/A/Frameworks/vecLib.framework/Versions/A/libvDSP.dylib
0x00007fff3e47b000 	/System/Library/Frameworks/Accelerate.framework/Versions/A/Frameworks/vecLib.framework/Versions/A/libBLAS.dylib
0x00007fff3e768000 	/System/Library/Frameworks/Accelerate.framework/Versions/A/Frameworks/vecLib.framework/Versions/A/libLAPACK.dylib
0x00007fff3eb12000 	/System/Library/Frameworks/Accelerate.framework/Versions/A/Frameworks/vecLib.framework/Versions/A/libLinearAlgebra.dylib
0x00007fff3ebab000 	/System/Library/Frameworks/Accelerate.framework/Versions/A/Frameworks/vecLib.framework/Versions/A/libSparseBLAS.dylib
0x00007fff3eb28000 	/System/Library/Frameworks/Accelerate.framework/Versions/A/Frameworks/vecLib.framework/Versions/A/libQuadrature.dylib
0x00007fff3e6f5000 	/System/Library/Frameworks/Accelerate.framework/Versions/A/Frameworks/vecLib.framework/Versions/A/libBNNS.dylib
0x00007fff3eb2e000 	/System/Library/Frameworks/Accelerate.framework/Versions/A/Frameworks/vecLib.framework/Versions/A/libSparse.dylib
0x00007fff5c877000 	/System/Library/PrivateFrameworks/GPUWrangler.framework/Versions/A/GPUWrangler
0x00007fff5eb77000 	/System/Library/PrivateFrameworks/IOAccelerator.framework/Versions/A/IOAccelerator
0x00007fff5eb82000 	/System/Library/PrivateFrameworks/IOPresentment.framework/Versions/A/IOPresentment
0x00007fff56317000 	/System/Library/PrivateFrameworks/DSExternalDisplay.framework/Versions/A/DSExternalDisplay
0x00007fff4aa6c000 	/System/Library/Frameworks/OpenGL.framework/Versions/A/Libraries/libCoreFSCache.dylib
0x00007fff465ec000 	/System/Library/Frameworks/MetalPerformanceShaders.framework/Frameworks/MPSCore.framework/Versions/A/MPSCore
0x00007fff4660c000 	/System/Library/Frameworks/MetalPerformanceShaders.framework/Frameworks/MPSImage.framework/Versions/A/MPSImage
0x00007fff466b1000 	/System/Library/Frameworks/MetalPerformanceShaders.framework/Frameworks/MPSNeuralNetwork.framework/Versions/A/MPSNeuralNetwork
0x00007fff46689000 	/System/Library/Frameworks/MetalPerformanceShaders.framework/Frameworks/MPSMatrix.framework/Versions/A/MPSMatrix
0x00007fff467dd000 	/System/Library/Frameworks/MetalPerformanceShaders.framework/Frameworks/MPSRayIntersector.framework/Versions/A/MPSRayIntersector
0x00007fff60064000 	/System/Library/PrivateFrameworks/MetalTools.framework/Versions/A/MetalTools
0x00007fff51372000 	/System/Library/PrivateFrameworks/AggregateDictionary.framework/Versions/A/AggregateDictionary
0x00007fff69b07000 	/usr/lib/libMobileGestalt.dylib
0x00007fff43715000 	/System/Library/Frameworks/CoreVideo.framework/Versions/A/CoreVideo
0x00007fff5d688000 	/System/Library/PrivateFrameworks/GraphVisualizer.framework/Versions/A/GraphVisualizer
0x00007fff57507000 	/System/Library/PrivateFrameworks/FaceCore.framework/Versions/A/FaceCore
0x00007fff4a09a000 	/System/Library/Frameworks/OpenCL.framework/Versions/A/OpenCL
0x00007fff6985f000 	/usr/lib/libFosl_dynamic.dylib
0x00007fff60ca8000 	/System/Library/PrivateFrameworks/OTSVG.framework/Versions/A/OTSVG
0x00007fff3ff09000 	/System/Library/Frameworks/ApplicationServices.framework/Versions/A/Frameworks/ATS.framework/Versions/A/Resources/libFontParser.dylib
0x00007fff40021000 	/System/Library/Frameworks/ApplicationServices.framework/Versions/A/Frameworks/ATS.framework/Versions/A/Resources/libFontRegistry.dylib
0x00007fff44621000 	/System/Library/Frameworks/ImageIO.framework/Versions/A/Resources/libJPEG.dylib
0x00007fff44933000 	/System/Library/Frameworks/ImageIO.framework/Versions/A/Resources/libTIFF.dylib
0x00007fff44909000 	/System/Library/Frameworks/ImageIO.framework/Versions/A/Resources/libPng.dylib
0x00007fff4453f000 	/System/Library/Frameworks/ImageIO.framework/Versions/A/Resources/libGIF.dylib
0x00007fff44544000 	/System/Library/Frameworks/ImageIO.framework/Versions/A/Resources/libJP2.dylib
0x00007fff44930000 	/System/Library/Frameworks/ImageIO.framework/Versions/A/Resources/libRadiance.dylib
0x00007fff51a9c000 	/System/Library/PrivateFrameworks/AppleJPEG.framework/Versions/A/AppleJPEG
0x00007fff4aa77000 	/System/Library/Frameworks/OpenGL.framework/Versions/A/Libraries/libGFXShared.dylib
0x00007fff4ac3a000 	/System/Library/Frameworks/OpenGL.framework/Versions/A/Libraries/libGLU.dylib
0x00007fff4aa80000 	/System/Library/Frameworks/OpenGL.framework/Versions/A/Libraries/libGL.dylib
0x00007fff4aa8c000 	/System/Library/Frameworks/OpenGL.framework/Versions/A/Libraries/libGLImage.dylib
0x00007fff4aa69000 	/System/Library/Frameworks/OpenGL.framework/Versions/A/Libraries/libCVMSPluginSupport.dylib
0x00007fff4aa72000 	/System/Library/Frameworks/OpenGL.framework/Versions/A/Libraries/libCoreVMClient.dylib
0x00007fff6a677000 	/usr/lib/libcups.2.dylib
0x00007fff45af3000 	/System/Library/Frameworks/Kerberos.framework/Versions/A/Kerberos
0x00007fff44023000 	/System/Library/Frameworks/GSS.framework/Versions/A/GSS
0x00007fff6bd8a000 	/usr/lib/libresolv.9.dylib
0x00007fff6a869000 	/usr/lib/libiconv.2.dylib
0x00007fff5d7fd000 	/System/Library/PrivateFrameworks/Heimdal.framework/Versions/A/Heimdal
0x00007fff6a839000 	/usr/lib/libheimdal-asn1.dylib
0x00007fff4a10e000 	/System/Library/Frameworks/OpenDirectory.framework/Versions/A/OpenDirectory
0x00007fff542a2000 	/System/Library/PrivateFrameworks/CommonAuth.framework/Versions/A/CommonAuth
0x00007fff4a0f2000 	/System/Library/Frameworks/OpenDirectory.framework/Versions/A/Frameworks/CFOpenDirectory.framework/Versions/A/CFOpenDirectory
0x00007fff4d1b4000 	/System/Library/Frameworks/SecurityFoundation.framework/Versions/A/SecurityFoundation
0x00007fff508b8000 	/System/Library/PrivateFrameworks/APFS.framework/Versions/A/APFS
0x00007fff6c1eb000 	/usr/lib/libutil.dylib
0x00007fff69f14000 	/usr/lib/libcharset.1.dylib
0x00007fff51d39000 	/System/Library/PrivateFrameworks/AppleSauce.framework/Versions/A/AppleSauce
0x00007fff51eba000 	/System/Library/PrivateFrameworks/AssertionServices.framework/Versions/A/AssertionServices
0x00007fff525ea000 	/System/Library/PrivateFrameworks/BaseBoard.framework/Versions/A/BaseBoard
0x00007fff6ac3a000 	/usr/lib/libmecab.1.0.0.dylib
0x00007fff6a833000 	/usr/lib/libgermantok.dylib
0x00007fff69ce4000 	/usr/lib/libThaiTokenizer.dylib
0x00007fff6978f000 	/usr/lib/libChineseTokenizer.dylib
0x00007fff5f222000 	/System/Library/PrivateFrameworks/LanguageModeling.framework/Versions/A/LanguageModeling
0x00007fff54f84000 	/System/Library/PrivateFrameworks/CoreEmoji.framework/Versions/A/CoreEmoji
0x00007fff5f2fe000 	/System/Library/PrivateFrameworks/Lexicon.framework/Versions/A/Lexicon
0x00007fff5f341000 	/System/Library/PrivateFrameworks/LinguisticData.framework/Versions/A/LinguisticData
0x00007fff69f15000 	/usr/lib/libcmph.dylib
0x00007fff4d272000 	/System/Library/Frameworks/ServiceManagement.framework/Versions/A/ServiceManagement
0x00007fff5254b000 	/System/Library/PrivateFrameworks/BackgroundTaskManagement.framework/Versions/A/BackgroundTaskManagement
0x00007fff6c2e4000 	/usr/lib/libxslt.1.dylib
0x00007fff40f76000 	/System/Library/Frameworks/Carbon.framework/Versions/A/Frameworks/Ink.framework/Versions/A/Ink
0x00007fff6795b000 	/System/Library/PrivateFrameworks/TextureIO.framework/Versions/A/TextureIO
0x00007fff69d38000 	/usr/lib/libate.dylib
0x00007fff56266000 	/System/Library/PrivateFrameworks/CrashReporterSupport.framework/Versions/A/CrashReporterSupport
0x00007fff65095000 	/System/Library/PrivateFrameworks/Sharing.framework/Versions/A/Sharing
0x00007fff5229d000 	/System/Library/PrivateFrameworks/AuthKit.framework/Versions/A/AuthKit
0x00007fff517f1000 	/System/Library/PrivateFrameworks/Apple80211.framework/Versions/A/Apple80211
0x00007fff5600e000 	/System/Library/PrivateFrameworks/CoreUtils.framework/Versions/A/CoreUtils
0x00007fff43756000 	/System/Library/Frameworks/CoreWLAN.framework/Versions/A/CoreWLAN
0x00007fff44152000 	/System/Library/Frameworks/IOBluetooth.framework/Versions/A/IOBluetooth
0x00007fff63d32000 	/System/Library/PrivateFrameworks/ProtocolBuffer.framework/Versions/A/ProtocolBuffer
0x00007fff60133000 	/System/Library/PrivateFrameworks/MobileKeyBag.framework/Versions/A/MobileKeyBag
0x00007fff55852000 	/System/Library/PrivateFrameworks/CorePhoneNumbers.framework/Versions/A/CorePhoneNumbers
0x00007fff51a50000 	/System/Library/PrivateFrameworks/AppleIDAuthSupport.framework/Versions/A/AppleIDAuthSupport
0x00007fff5f1f5000 	/System/Library/PrivateFrameworks/KeychainCircle.framework/Versions/A/KeychainCircle
0x00007fff63ee8000 	/System/Library/PrivateFrameworks/ROCKit.framework/Versions/A/ROCKit
0x00007fff56202000 	/System/Library/PrivateFrameworks/CoreWiFi.framework/Versions/A/CoreWiFi
0x00007fff414e2000 	/System/Library/Frameworks/CoreBluetooth.framework/Versions/A/CoreBluetooth
0x00007fff5645d000 	/System/Library/PrivateFrameworks/DebugSymbols.framework/Versions/A/DebugSymbols
0x00007fff55dce000 	/System/Library/PrivateFrameworks/CoreSymbolication.framework/Versions/A/CoreSymbolication
0x00007fff67176000 	/System/Library/PrivateFrameworks/Symbolication.framework/Versions/A/Symbolication
0x00007fff66a19000 	/System/Library/PrivateFrameworks/SpeechRecognitionCore.framework/Versions/A/SpeechRecognitionCore
0x0000000101a00000 	/Library/Java/JavaVirtualMachines/jdk-16.0.1.jdk/Contents/Home/lib/server/libjvm.dylib
0x0000000101148000 	/Library/Java/JavaVirtualMachines/jdk-16.0.1.jdk/Contents/Home/lib/libjimage.dylib
0x000000010119e000 	/Library/Java/JavaVirtualMachines/jdk-16.0.1.jdk/Contents/Home/lib/libjava.dylib
0x00000001081a9000 	/Library/Java/JavaVirtualMachines/jdk-16.0.1.jdk/Contents/Home/lib/libnio.dylib
0x00000001081bd000 	/Library/Java/JavaVirtualMachines/jdk-16.0.1.jdk/Contents/Home/lib/./libnet.dylib
0x000000010825f000 	/Library/Java/JavaVirtualMachines/jdk-16.0.1.jdk/Contents/Home/lib/libzip.dylib
0x000000010829f000 	/private/var/folders/d4/z4k1h3vx4wjfx481pcdjc6fw0000gp/T/lwjgldeletelater/3.3.1-build-7/liblwjgl.dylib
0x0000000108305000 	/var/folders/d4/z4k1h3vx4wjfx481pcdjc6fw0000gp/T/lwjgldeletelater/3.3.1-build-7/libglfw.dylib
0x00007fff559d6000 	/System/Library/PrivateFrameworks/CoreServicesInternal.framework/Versions/A/CoreServicesInternal
0x00007fff68913000 	/System/Library/PrivateFrameworks/ViewBridge.framework/Versions/A/ViewBridge
0x0000000108bcf000 	/private/var/folders/d4/z4k1h3vx4wjfx481pcdjc6fw0000gp/T/lwjgldeletelater/3.3.1-build-7/liblwjgl_opengl.dylib


VM Arguments:
jvm_args: -Dfile.encoding=UTF-8 -XX:+ShowCodeDetailsInExceptionMessages 
java_command: renderEngine.Main
java_class_path (initial): /Users/deletelater/eclipse-workspace/Game Engine Learning/bin:/Users/deletelater/Downloads/lwjgl-release-3.3.1-custom (1)/lwjgl-assimp-natives-linux.jar:/Users/deletelater/Downloads/lwjgl-release-3.3.1-custom (1)/lwjgl-assimp-natives-macos.jar:/Users/deletelater/Downloads/lwjgl-release-3.3.1-custom (1)/lwjgl-assimp-natives-windows-x86.jar:/Users/deletelater/Downloads/lwjgl-release-3.3.1-custom (1)/lwjgl-assimp-natives-windows.jar:/Users/deletelater/Downloads/lwjgl-release-3.3.1-custom (1)/lwjgl-assimp.jar:/Users/deletelater/Downloads/lwjgl-release-3.3.1-custom (1)/lwjgl-glfw-natives-linux.jar:/Users/deletelater/Downloads/lwjgl-release-3.3.1-custom (1)/lwjgl-glfw-natives-macos.jar:/Users/deletelater/Downloads/lwjgl-release-3.3.1-custom (1)/lwjgl-glfw-natives-windows-x86.jar:/Users/deletelater/Downloads/lwjgl-release-3.3.1-custom (1)/lwjgl-glfw-natives-windows.jar:/Users/deletelater/Downloads/lwjgl-release-3.3.1-custom (1)/lwjgl-glfw.jar:/Users/deletelater/Downloads/lwjgl-release-3.3.1-custom (1)/lwjgl-natives-linux.jar:/Users/deletelater/Downloads/lwjgl-release-3.3.1-custom (1)/lwjgl-natives-macos.jar:/Users/deletelater/Downloads/lwjgl-release-3.3.1-custom (1)/lwjgl-natives-windows-x86.jar:/Users/deletelater/Downloads/lwjgl-release-3.3.1-custom (1)/lwjgl-natives-windows.jar:/Users/deletelater/Downloads/lwjgl-release-3.3.1-custom (1)/lwjgl-openal-natives-linux.jar:/Users/deletelater/Downloads/lwjgl-release-3.3.1-custom (1)/lwjgl-openal-natives-macos.jar:/Users/deletelater/Downloads/lwjgl-release-3.3.1-custom (1)/lwjgl-openal-natives-windows-x86.jar:/Users/deletelater/Downloads/lwjgl-release-3.3.1-custom (1)/lwjgl-openal-natives-windows.jar:/Users/deletelater/Downloads/lwjgl-release-3.3.1-custom (1)/lwjgl-openal.jar:/Users/deletelater/Downloads/lwjgl-release-3.3.1-custom (1)/lwjgl-opengl-natives-linux.jar:/Users/deletelater/Downloads/lwjgl-release-3.3.1-custom (1)/lwjgl-opengl-natives-macos.jar:/Users/deletelater/Downloads/lwjgl-release-3.3
Launcher Type: SUN_STANDARD

[Global flags]
     intx CICompilerCount                          = 3                                         {product} {ergonomic}
     uint ConcGCThreads                            = 1                                         {product} {ergonomic}
     uint G1ConcRefinementThreads                  = 4                                         {product} {ergonomic}
   size_t G1HeapRegionSize                         = 1048576                                   {product} {ergonomic}
    uintx GCDrainStackTargetSize                   = 64                                        {product} {ergonomic}
   size_t InitialHeapSize                          = 134217728                                 {product} {ergonomic}
   size_t MarkStackSize                            = 4194304                                   {product} {ergonomic}
   size_t MaxHeapSize                              = 2147483648                                {product} {ergonomic}
   size_t MaxNewSize                               = 1287651328                                {product} {ergonomic}
   size_t MinHeapDeltaBytes                        = 1048576                                   {product} {ergonomic}
   size_t MinHeapSize                              = 8388608                                   {product} {ergonomic}
    uintx NonNMethodCodeHeapSize                   = 5832780                                {pd product} {ergonomic}
    uintx NonProfiledCodeHeapSize                  = 122912730                              {pd product} {ergonomic}
    uintx ProfiledCodeHeapSize                     = 122912730                              {pd product} {ergonomic}
    uintx ReservedCodeCacheSize                    = 251658240                              {pd product} {ergonomic}
     bool SegmentedCodeCache                       = true                                      {product} {ergonomic}
     bool ShowCodeDetailsInExceptionMessages       = true                                   {manageable} {command line}
   size_t SoftMaxHeapSize                          = 2147483648                             {manageable} {ergonomic}
     bool UseCompressedClassPointers               = true                           {product lp64_product} {ergonomic}
     bool UseCompressedOops                        = true                           {product lp64_product} {ergonomic}
     bool UseG1GC                                  = true                                      {product} {ergonomic}
     bool UseNUMA                                  = false                                     {product} {ergonomic}
     bool UseNUMAInterleaving                      = false                                     {product} {ergonomic}

Logging:
Log output configuration:
 #0: stdout all=warning uptime,level,tags
 #1: stderr all=off uptime,level,tags

Environment Variables:
PATH=/usr/bin:/bin:/usr/sbin:/sbin
SHELL=/bin/bash

Signal Handlers:
SIGSEGV: [libjvm.dylib+0xa7bdc0], sa_mask[0]=11100110000111110111111111111111, sa_flags=SA_ONSTACK|SA_RESTART|SA_SIGINFO
SIGBUS: [libjvm.dylib+0xa7bdc0], sa_mask[0]=11100110000111110111111111111111, sa_flags=SA_RESTART|SA_SIGINFO
SIGFPE: [libjvm.dylib+0xa7bdc0], sa_mask[0]=11100110000111110111111111111111, sa_flags=SA_RESTART|SA_SIGINFO
SIGPIPE: [libjvm.dylib+0x945ca0], sa_mask[0]=11100110000111110111111111111111, sa_flags=SA_RESTART|SA_SIGINFO
SIGXFSZ: [libjvm.dylib+0x945ca0], sa_mask[0]=11100110000111110111111111111111, sa_flags=SA_RESTART|SA_SIGINFO
SIGILL: [libjvm.dylib+0xa7bdc0], sa_mask[0]=11100110000111110111111111111111, sa_flags=SA_RESTART|SA_SIGINFO
SIGUSR2: [libjvm.dylib+0x946750], sa_mask[0]=00100000000000000000000000000000, sa_flags=SA_RESTART|SA_SIGINFO
SIGHUP: [libjvm.dylib+0x944d10], sa_mask[0]=11100110000111110111111111111111, sa_flags=SA_RESTART|SA_SIGINFO
SIGINT: [libjvm.dylib+0x944d10], sa_mask[0]=11100110000111110111111111111111, sa_flags=SA_RESTART|SA_SIGINFO
SIGTERM: [libjvm.dylib+0x944d10], sa_mask[0]=11100110000111110111111111111111, sa_flags=SA_RESTART|SA_SIGINFO
SIGQUIT: [libjvm.dylib+0x944d10], sa_mask[0]=11100110000111110111111111111111, sa_flags=SA_RESTART|SA_SIGINFO
SIGTRAP: [libjvm.dylib+0xa7bdc0], sa_mask[0]=11100110000111110111111111111111, sa_flags=SA_RESTART|SA_SIGINFO


---------------  S Y S T E M  ---------------

OS:uname: Darwin 18.7.0 Darwin Kernel Version 18.7.0: Tue Aug 20 16:57:14 PDT 2019; root:xnu-4903.271.2~2/RELEASE_X86_64 x86_64
OS uptime: 0 days 14:25 hours
rlimit (soft/hard): STACK 8192k/65532k , CORE 0k/infinity , NPROC 709/1064 , NOFILE 10240/infinity , AS infinity/infinity , CPU infinity/infinity , DATA infinity/infinity , FSIZE infinity/infinity , MEMLOCK infinity/infinity , RSS infinity/infinity
load average: 2.13 2.93 3.04

CPU: total 4 (initial active 4) (2 cores per cpu, 2 threads per core) family 6 model 61 stepping 4 microcode 0x2d, cx8, cmov, fxsr, ht, mmx, 3dnowpref, sse, sse2, sse3, ssse3, sse4.1, sse4.2, popcnt, lzcnt, tsc, tscinvbit, avx, avx2, aes, erms, clmul, bmi1, bmi2, rtm, adx, fma, vzeroupper, clflush

Memory: 4k page, physical 8388608k(25764k free), swap 2097152k(746240k free)

vm_info: Java HotSpot(TM) 64-Bit Server VM (16.0.1+9-24) for bsd-amd64 JRE (16.0.1+9-24), built on Mar 26 2021 18:20:04 by "mach5one" with clang 4.2.1 Compatible Apple LLVM 11.0.0 (clang-1100.0.33.17)

END.
