#
# A fatal error has been detected by the Java Runtime Environment:
#
#  SIGSEGV (0xb) at pc=0x00007fff54b0abe7, pid=29722, tid=775
#
# JRE version: Java(TM) SE Runtime Environment (16.0.1+9) (build 16.0.1+9-24)
# Java VM: Java HotSpot(TM) 64-Bit Server VM (16.0.1+9-24, mixed mode, sharing, tiered, compressed oops, compressed class ptrs, g1 gc, bsd-amd64)
# Problematic frame:
# C  [libGL.dylib+0x1be7]  glGetError+0xd
#
# No core dump will be written. Core dumps have been disabled. To enable core dumping, try "ulimit -c unlimited" before starting Java again
#
# If you would like to submit a bug report, please visit:
#   https://bugreport.java.com/bugreport/crash.jsp
# The crash happened outside the Java Virtual Machine in native code.
# See problematic frame for where to report the bug.
#

---------------  S U M M A R Y ------------

Command Line: -Dfile.encoding=UTF-8 -XX:+ShowCodeDetailsInExceptionMessages main.MainApp

Host: MacBookAir7,2 x86_64 2200 MHz, 4 cores, 8G, Darwin 18.7.0, macOS 10.14.6 (18G103)
Time: Thu Sep  8 19:11:52 2022 CST elapsed time: 0.659795 seconds (0d 0h 0m 0s)

---------------  T H R E A D  ---------------

Current thread (0x00007ff849006c00):  JavaThread "main" [_thread_in_native, id=775, stack(0x00007ffee3fe2000,0x00007ffee47e2000)]

Stack: [0x00007ffee3fe2000,0x00007ffee47e2000],  sp=0x00007ffee47de550,  free space=8177k
Native frames: (J=compiled Java code, A=aot compiled Java code, j=interpreted, Vv=VM code, C=native code)
C  [libGL.dylib+0x1be7]  glGetError+0xd
j  org.lwjgl.system.JNI.callI(J)I+0
j  org.lwjgl.opengl.GL.createCapabilities(ZLjava/util/function/IntFunction;)Lorg/lwjgl/opengl/GLCapabilities;+78
j  org.lwjgl.opengl.GL.createCapabilities(Ljava/util/function/IntFunction;)Lorg/lwjgl/opengl/GLCapabilities;+2
j  org.lwjgl.opengl.GL.createCapabilities()Lorg/lwjgl/opengl/GLCapabilities;+1
j  renderEngine.DisplayManager.createWindow()V+67
j  main.MainApp.main([Ljava/lang/String;)V+0
v  ~StubRoutines::call_stub
V  [libjvm.dylib+0x508442]  JavaCalls::call_helper(JavaValue*, methodHandle const&, JavaCallArguments*, Thread*)+0x2d2
V  [libjvm.dylib+0x56d548]  jni_invoke_static(JNIEnv_*, JavaValue*, _jobject*, JNICallType, _jmethodID*, JNI_ArgumentPusher*, Thread*)+0x148
V  [libjvm.dylib+0x570b01]  jni_CallStaticVoidMethod+0x181
C  [libjli.dylib+0x4e9f]  JavaMain+0xbff
C  [libjli.dylib+0x77ac]  __JVMInit_block_invoke+0x4c
C  [Foundation+0x5606c]  __NSBLOCKOPERATION_IS_CALLING_OUT_TO_A_BLOCK__+0x7
C  [Foundation+0x55f74]  -[NSBlockOperation main]+0x44
C  [Foundation+0x2bced]  -[__NSOperationInternal _start:]+0x2ad
C  [Foundation+0xb0302]  __NSThreadPerformPerform+0x148
C  [CoreFoundation+0x57de3]  __CFRUNLOOP_IS_CALLING_OUT_TO_A_SOURCE0_PERFORM_FUNCTION__+0x11
C  [CoreFoundation+0x57d89]  __CFRunLoopDoSource0+0x6c
C  [CoreFoundation+0x3b74b]  __CFRunLoopDoSources0+0xc3
C  [CoreFoundation+0x3ad15]  __CFRunLoopRun+0x4a5
C  [CoreFoundation+0x3a61e]  CFRunLoopRunSpecific+0x1c7
C  [libjli.dylib+0x6d12]  CreateExecutionEnvironment+0x192
C  [libjli.dylib+0x2745]  JLI_Launch+0x5d5
C  [java+0xc16]  main+0x196
C  [libdyld.dylib+0x163d5]  start+0x1

Java frames: (J=compiled Java code, j=interpreted, Vv=VM code)
j  org.lwjgl.system.JNI.callI(J)I+0
j  org.lwjgl.opengl.GL.createCapabilities(ZLjava/util/function/IntFunction;)Lorg/lwjgl/opengl/GLCapabilities;+78
j  org.lwjgl.opengl.GL.createCapabilities(Ljava/util/function/IntFunction;)Lorg/lwjgl/opengl/GLCapabilities;+2
j  org.lwjgl.opengl.GL.createCapabilities()Lorg/lwjgl/opengl/GLCapabilities;+1
j  renderEngine.DisplayManager.createWindow()V+67
j  main.MainApp.main([Ljava/lang/String;)V+0
v  ~StubRoutines::call_stub

siginfo: si_signo: 11 (SIGSEGV), si_code: 1 (SEGV_MAPERR), si_addr: 0x0000000000000000

Register to memory mapping:

RAX=0x0 is NULL
RBX={method} {0x000000012b0b3900} 'callI' '(J)I' in 'org/lwjgl/system/JNI'
RCX=0x00007ff848405a58 points into unknown readable memory: 0x0000000000000000 | 00 00 00 00 00 00 00 00
RDX=0x00007fff54b0abda: glGetError+0 in /System/Library/Frameworks/OpenGL.framework/Versions/A/Libraries/libGL.dylib at 0x00007fff54b09000
RSP=0x00007ffee47de550 is pointing into the stack for thread: 0x00007ff849006c00
RBP=0x00007ffee47de550 is pointing into the stack for thread: 0x00007ff849006c00
RSI=0x00007ffee47de5c8 is pointing into the stack for thread: 0x00007ff849006c00
RDI=0x00007ff849006f10 points into unknown readable memory: 0x000000010d06ce58 | 58 ce 06 0d 01 00 00 00
R8 =0xffffffff00000000 is an unknown value
R9 =0x0000000000194fc6 is an unknown value
R10=0x0000000114acbc4c is at code_begin+876 in an Interpreter codelet
method entry point (kind = native)  [0x0000000114acb8e0, 0x0000000114acc1a0]  2240 bytes
R11=0x0000000787aab888 is an oop: java.lang.Class 
{0x0000000787aab888} - klass: 'java/lang/Class'
R12=0x0 is NULL
R13={method} {0x000000012b0b3900} 'callI' '(J)I' in 'org/lwjgl/system/JNI'
R14=0x00007ffee47de5e0 is pointing into the stack for thread: 0x00007ff849006c00
R15=0x00007ff849006c00 is a thread


Registers:
RAX=0x0000000000000000, RBX=0x000000012b0b3900, RCX=0x00007ff848405a58, RDX=0x00007fff54b0abda
RSP=0x00007ffee47de550, RBP=0x00007ffee47de550, RSI=0x00007ffee47de5c8, RDI=0x00007ff849006f10
R8 =0xffffffff00000000, R9 =0x0000000000194fc6, R10=0x0000000114acbc4c, R11=0x0000000787aab888
R12=0x0000000000000000, R13=0x000000012b0b3900, R14=0x00007ffee47de5e0, R15=0x00007ff849006c00
RIP=0x00007fff54b0abe7, EFLAGS=0x0000000000010246, ERR=0x0000000000000004
  TRAPNO=0x000000000000000e

Top of Stack: (sp=0x00007ffee47de550)
0x00007ffee47de550:   00007ffee47de5b8 0000000114acbc7b
0x00007ffee47de560:   000000012b03b8c8 0000000114acb996
0x00007ffee47de570:   00007ffee47de570 000000012b0b3900
0x00007ffee47de580:   00007ffee47de5e0 000000012b0dd4a0
0x00007ffee47de590:   0000000000000000 0000000787aab888
0x00007ffee47de5a0:   000000012b0b3900 0000000000000000
0x00007ffee47de5b0:   00007ffee47de5d8 00007ffee47de630
0x00007ffee47de5c0:   0000000114ac7335 0000000787aab888
0x00007ffee47de5d0:   0000000114ac9396 00007fff54b0abda
0x00007ffee47de5e0:   0000000000000000 00007ffee47de5e8
0x00007ffee47de5f0:   000000012b0de93e 00007ffee47de6f8
0x00007ffee47de600:   000000012b0e0000 0000000000000000
0x00007ffee47de610:   0000000787ac25c8 000000012b0deeb8
0x00007ffee47de620:   00007ffee47de5d8 00007ffee47de6f0
0x00007ffee47de630:   00007ffee47de748 0000000114ac7252
0x00007ffee47de640:   0000000000000000 0000000000000000
0x00007ffee47de650:   0000000000000000 0000000000000000
0x00007ffee47de660:   0000000000000000 0000000000000000
0x00007ffee47de670:   0000000000000000 0000000000000000
0x00007ffee47de680:   0000000000000000 0000000000000000
0x00007ffee47de690:   0000000000000000 0000000000000000
0x00007ffee47de6a0:   0000000000000000 0000000000000000
0x00007ffee47de6b0:   0000000000000000 00007fff54b0ac15
0x00007ffee47de6c0:   0000000000000000 00007fff54b0ae01
0x00007ffee47de6d0:   0000000000000000 00007fff54b0abda
0x00007ffee47de6e0:   0000000000000000 00000007879010f0
0x00007ffee47de6f0:   0000000000000000 0000000000000000
0x00007ffee47de700:   00007ffee47de700 000000012b0de78a
0x00007ffee47de710:   00007ffee47de758 000000012b0e0000
0x00007ffee47de720:   0000000000000000 0000000787ac25c8
0x00007ffee47de730:   000000012b0de7b0 00007ffee47de6f0
0x00007ffee47de740:   00007ffee47de758 00007ffee47de7a8 

Instructions: (pc=0x00007fff54b0abe7)
0x00007fff54b0aae7:   00 00 48 8b 3a 89 ce 4c 89 c2 5d ff e0 55 48 89
0x00007fff54b0aaf7:   e5 89 f8 65 48 8b 0c 25 f0 00 00 00 48 8b 91 00
0x00007fff54b0ab07:   03 00 00 48 8b 39 89 c6 5d ff e2 55 48 89 e5 65
0x00007fff54b0ab17:   48 8b 04 25 f0 00 00 00 48 8b 88 08 03 00 00 48
0x00007fff54b0ab27:   8b 38 5d ff e1 55 48 89 e5 89 f8 65 48 8b 0c 25
0x00007fff54b0ab37:   f0 00 00 00 48 8b 91 10 03 00 00 48 8b 39 89 c6
0x00007fff54b0ab47:   5d ff e2 55 48 89 e5 49 89 f0 89 f9 65 48 8b 14
0x00007fff54b0ab57:   25 f0 00 00 00 48 8b 82 18 03 00 00 48 8b 3a 89
0x00007fff54b0ab67:   ce 4c 89 c2 5d ff e0 55 48 89 e5 49 89 f0 89 f9
0x00007fff54b0ab77:   65 48 8b 14 25 f0 00 00 00 48 8b 82 20 03 00 00
0x00007fff54b0ab87:   48 8b 3a 89 ce 4c 89 c2 5d ff e0 55 48 89 e5 49
0x00007fff54b0ab97:   89 f0 89 f9 65 48 8b 14 25 f0 00 00 00 48 8b 82
0x00007fff54b0aba7:   28 03 00 00 48 8b 3a 89 ce 4c 89 c2 5d ff e0 55
0x00007fff54b0abb7:   48 89 e5 49 89 f0 89 f9 65 48 8b 14 25 f0 00 00
0x00007fff54b0abc7:   00 48 8b 82 30 03 00 00 48 8b 3a 89 ce 4c 89 c2
0x00007fff54b0abd7:   5d ff e0 55 48 89 e5 65 48 8b 04 25 f0 00 00 00
0x00007fff54b0abe7:   48 8b 38 5d ff a0 38 03 00 00 55 48 89 e5 49 89
0x00007fff54b0abf7:   f0 89 f9 65 48 8b 14 25 f0 00 00 00 48 8b 82 40
0x00007fff54b0ac07:   03 00 00 48 8b 3a 89 ce 4c 89 c2 5d ff e0 55 48
0x00007fff54b0ac17:   89 e5 49 89 f0 89 f9 65 48 8b 14 25 f0 00 00 00
0x00007fff54b0ac27:   48 8b 82 48 03 00 00 48 8b 3a 89 ce 4c 89 c2 5d
0x00007fff54b0ac37:   ff e0 55 48 89 e5 49 89 d0 89 f1 89 fa 65 48 8b
0x00007fff54b0ac47:   34 25 f0 00 00 00 48 8b 86 50 03 00 00 48 8b 3e
0x00007fff54b0ac57:   89 d6 89 ca 4c 89 c1 5d ff e0 55 48 89 e5 49 89
0x00007fff54b0ac67:   d0 89 f1 89 fa 65 48 8b 34 25 f0 00 00 00 48 8b
0x00007fff54b0ac77:   86 58 03 00 00 48 8b 3e 89 d6 89 ca 4c 89 c1 5d
0x00007fff54b0ac87:   ff e0 55 48 89 e5 49 89 d0 89 f1 89 fa 65 48 8b
0x00007fff54b0ac97:   34 25 f0 00 00 00 48 8b 86 60 03 00 00 48 8b 3e
0x00007fff54b0aca7:   89 d6 89 ca 4c 89 c1 5d ff e0 55 48 89 e5 49 89
0x00007fff54b0acb7:   d0 89 f1 89 fa 65 48 8b 34 25 f0 00 00 00 48 8b
0x00007fff54b0acc7:   86 68 03 00 00 48 8b 3e 89 d6 89 ca 4c 89 c1 5d
0x00007fff54b0acd7:   ff e0 55 48 89 e5 49 89 d0 89 f1 89 fa 65 48 8b 


Stack slot to memory mapping:
stack at sp + 0 slots: 0x00007ffee47de5b8 is pointing into the stack for thread: 0x00007ff849006c00
stack at sp + 1 slots: 0x0000000114acbc7b is at code_begin+923 in an Interpreter codelet
method entry point (kind = native)  [0x0000000114acb8e0, 0x0000000114acc1a0]  2240 bytes
stack at sp + 2 slots: 0x000000012b03b8c8 is pointing into metadata
stack at sp + 3 slots: 0x0000000114acb996 is at code_begin+182 in an Interpreter codelet
method entry point (kind = native)  [0x0000000114acb8e0, 0x0000000114acc1a0]  2240 bytes
stack at sp + 4 slots: 0x00007ffee47de570 is pointing into the stack for thread: 0x00007ff849006c00
stack at sp + 5 slots: {method} {0x000000012b0b3900} 'callI' '(J)I' in 'org/lwjgl/system/JNI'
stack at sp + 6 slots: 0x00007ffee47de5e0 is pointing into the stack for thread: 0x00007ff849006c00
stack at sp + 7 slots: 0x000000012b0dd4a0 is pointing into metadata


---------------  P R O C E S S  ---------------

Threads class SMR info:
_java_thread_list=0x00007ff84871a440, length=11, elements={
0x00007ff849006c00, 0x00007ff84902d000, 0x00007ff84a005200, 0x00007ff848803a00,
0x00007ff84a005c00, 0x00007ff848848200, 0x00007ff84902e400, 0x00007ff849030c00,
0x00007ff849031200, 0x00007ff848848800, 0x00007ff84884ae00
}

Java Threads: ( => current thread )
=>0x00007ff849006c00 JavaThread "main" [_thread_in_native, id=775, stack(0x00007ffee3fe2000,0x00007ffee47e2000)]
  0x00007ff84902d000 JavaThread "Reference Handler" daemon [_thread_blocked, id=14595, stack(0x000070000ad74000,0x000070000ae74000)]
  0x00007ff84a005200 JavaThread "Finalizer" daemon [_thread_blocked, id=16387, stack(0x000070000ae77000,0x000070000af77000)]
  0x00007ff848803a00 JavaThread "Signal Dispatcher" daemon [_thread_blocked, id=43267, stack(0x000070000af7a000,0x000070000b07a000)]
  0x00007ff84a005c00 JavaThread "Service Thread" daemon [_thread_blocked, id=22787, stack(0x000070000b07d000,0x000070000b17d000)]
  0x00007ff848848200 JavaThread "Monitor Deflation Thread" daemon [_thread_blocked, id=42499, stack(0x000070000b180000,0x000070000b280000)]
  0x00007ff84902e400 JavaThread "C2 CompilerThread0" daemon [_thread_blocked, id=42243, stack(0x000070000b283000,0x000070000b383000)]
  0x00007ff849030c00 JavaThread "C1 CompilerThread0" daemon [_thread_blocked, id=23555, stack(0x000070000b386000,0x000070000b486000)]
  0x00007ff849031200 JavaThread "Sweeper thread" daemon [_thread_blocked, id=41987, stack(0x000070000b489000,0x000070000b589000)]
  0x00007ff848848800 JavaThread "Notification Thread" daemon [_thread_blocked, id=41731, stack(0x000070000b58c000,0x000070000b68c000)]
  0x00007ff84884ae00 JavaThread "Common-Cleaner" daemon [_thread_blocked, id=24579, stack(0x000070000b792000,0x000070000b892000)]

Other Threads:
  0x00007ff848528140 VMThread "VM Thread" [stack: 0x000070000ac71000,0x000070000ad71000] [id=14083]
  0x00007ff848533c30 WatcherThread [stack: 0x000070000b68f000,0x000070000b78f000] [id=41475]
  0x00007ff84840ec10 GCTaskThread "GC Thread#0" [stack: 0x000070000a762000,0x000070000a862000] [id=11523]
  0x00007ff84851c210 ConcurrentGCThread "G1 Main Marker" [stack: 0x000070000a865000,0x000070000a965000] [id=18435]
  0x00007ff84851d260 ConcurrentGCThread "G1 Conc#0" [stack: 0x000070000a968000,0x000070000aa68000] [id=17923]
  0x00007ff848607000 ConcurrentGCThread "G1 Refine#0" [stack: 0x000070000aa6b000,0x000070000ab6b000] [id=17667]
  0x00007ff848608010 ConcurrentGCThread "G1 Service" [stack: 0x000070000ab6e000,0x000070000ac6e000] [id=17411]

Threads with active compile tasks:

VM state: not at safepoint (normal execution)

VM Mutex/Monitor currently owned by a thread: None

Heap address: 0x0000000780000000, size: 2048 MB, Compressed Oops mode: Zero based, Oop shift amount: 3

CDS archive(s) mapped at: [0x0000000800000000-0x0000000800bbb000-0x0000000800bbb000), size 12300288, SharedBaseAddress: 0x0000000800000000, ArchiveRelocationMode: 0.
Compressed class space mapped at: 0x0000000800c00000-0x0000000840c00000, reserved size: 1073741824
Narrow klass base: 0x0000000800000000, Narrow klass shift: 3, Narrow klass range: 0x100000000

GC Precious Log:
 CPUs: 4 total, 4 available
 Memory: 8192M
 Large Page Support: Disabled
 NUMA Support: Disabled
 Compressed Oops: Enabled (Zero based)
 Heap Region Size: 1M
 Heap Min Capacity: 8M
 Heap Initial Capacity: 128M
 Heap Max Capacity: 2G
 Pre-touch: Disabled
 Parallel Workers: 4
 Concurrent Workers: 1
 Concurrent Refinement Workers: 4
 Periodic GC: Disabled

Heap:
 garbage-first heap   total 133120K, used 7112K [0x0000000780000000, 0x0000000800000000)
  region size 1024K, 7 young (7168K), 0 survivors (0K)
 Metaspace       used 2143K, committed 2368K, reserved 1056768K
  class space    used 139K, committed 256K, reserved 1048576K

Heap Regions: E=young(eden), S=young(survivor), O=old, HS=humongous(starts), HC=humongous(continues), CS=collection set, F=free, OA=open archive, CA=closed archive, TAMS=top-at-mark-start (previous, next)
|   0|0x0000000780000000, 0x0000000780000000, 0x0000000780100000|  0%| F|  |TAMS 0x0000000780000000, 0x0000000780000000| Untracked 
|   1|0x0000000780100000, 0x0000000780100000, 0x0000000780200000|  0%| F|  |TAMS 0x0000000780100000, 0x0000000780100000| Untracked 
|   2|0x0000000780200000, 0x0000000780200000, 0x0000000780300000|  0%| F|  |TAMS 0x0000000780200000, 0x0000000780200000| Untracked 
|   3|0x0000000780300000, 0x0000000780300000, 0x0000000780400000|  0%| F|  |TAMS 0x0000000780300000, 0x0000000780300000| Untracked 
|   4|0x0000000780400000, 0x0000000780400000, 0x0000000780500000|  0%| F|  |TAMS 0x0000000780400000, 0x0000000780400000| Untracked 
|   5|0x0000000780500000, 0x0000000780500000, 0x0000000780600000|  0%| F|  |TAMS 0x0000000780500000, 0x0000000780500000| Untracked 
|   6|0x0000000780600000, 0x0000000780600000, 0x0000000780700000|  0%| F|  |TAMS 0x0000000780600000, 0x0000000780600000| Untracked 
|   7|0x0000000780700000, 0x0000000780700000, 0x0000000780800000|  0%| F|  |TAMS 0x0000000780700000, 0x0000000780700000| Untracked 
|   8|0x0000000780800000, 0x0000000780800000, 0x0000000780900000|  0%| F|  |TAMS 0x0000000780800000, 0x0000000780800000| Untracked 
|   9|0x0000000780900000, 0x0000000780900000, 0x0000000780a00000|  0%| F|  |TAMS 0x0000000780900000, 0x0000000780900000| Untracked 
|  10|0x0000000780a00000, 0x0000000780a00000, 0x0000000780b00000|  0%| F|  |TAMS 0x0000000780a00000, 0x0000000780a00000| Untracked 
|  11|0x0000000780b00000, 0x0000000780b00000, 0x0000000780c00000|  0%| F|  |TAMS 0x0000000780b00000, 0x0000000780b00000| Untracked 
|  12|0x0000000780c00000, 0x0000000780c00000, 0x0000000780d00000|  0%| F|  |TAMS 0x0000000780c00000, 0x0000000780c00000| Untracked 
|  13|0x0000000780d00000, 0x0000000780d00000, 0x0000000780e00000|  0%| F|  |TAMS 0x0000000780d00000, 0x0000000780d00000| Untracked 
|  14|0x0000000780e00000, 0x0000000780e00000, 0x0000000780f00000|  0%| F|  |TAMS 0x0000000780e00000, 0x0000000780e00000| Untracked 
|  15|0x0000000780f00000, 0x0000000780f00000, 0x0000000781000000|  0%| F|  |TAMS 0x0000000780f00000, 0x0000000780f00000| Untracked 
|  16|0x0000000781000000, 0x0000000781000000, 0x0000000781100000|  0%| F|  |TAMS 0x0000000781000000, 0x0000000781000000| Untracked 
|  17|0x0000000781100000, 0x0000000781100000, 0x0000000781200000|  0%| F|  |TAMS 0x0000000781100000, 0x0000000781100000| Untracked 
|  18|0x0000000781200000, 0x0000000781200000, 0x0000000781300000|  0%| F|  |TAMS 0x0000000781200000, 0x0000000781200000| Untracked 
|  19|0x0000000781300000, 0x0000000781300000, 0x0000000781400000|  0%| F|  |TAMS 0x0000000781300000, 0x0000000781300000| Untracked 
|  20|0x0000000781400000, 0x0000000781400000, 0x0000000781500000|  0%| F|  |TAMS 0x0000000781400000, 0x0000000781400000| Untracked 
|  21|0x0000000781500000, 0x0000000781500000, 0x0000000781600000|  0%| F|  |TAMS 0x0000000781500000, 0x0000000781500000| Untracked 
|  22|0x0000000781600000, 0x0000000781600000, 0x0000000781700000|  0%| F|  |TAMS 0x0000000781600000, 0x0000000781600000| Untracked 
|  23|0x0000000781700000, 0x0000000781700000, 0x0000000781800000|  0%| F|  |TAMS 0x0000000781700000, 0x0000000781700000| Untracked 
|  24|0x0000000781800000, 0x0000000781800000, 0x0000000781900000|  0%| F|  |TAMS 0x0000000781800000, 0x0000000781800000| Untracked 
|  25|0x0000000781900000, 0x0000000781900000, 0x0000000781a00000|  0%| F|  |TAMS 0x0000000781900000, 0x0000000781900000| Untracked 
|  26|0x0000000781a00000, 0x0000000781a00000, 0x0000000781b00000|  0%| F|  |TAMS 0x0000000781a00000, 0x0000000781a00000| Untracked 
|  27|0x0000000781b00000, 0x0000000781b00000, 0x0000000781c00000|  0%| F|  |TAMS 0x0000000781b00000, 0x0000000781b00000| Untracked 
|  28|0x0000000781c00000, 0x0000000781c00000, 0x0000000781d00000|  0%| F|  |TAMS 0x0000000781c00000, 0x0000000781c00000| Untracked 
|  29|0x0000000781d00000, 0x0000000781d00000, 0x0000000781e00000|  0%| F|  |TAMS 0x0000000781d00000, 0x0000000781d00000| Untracked 
|  30|0x0000000781e00000, 0x0000000781e00000, 0x0000000781f00000|  0%| F|  |TAMS 0x0000000781e00000, 0x0000000781e00000| Untracked 
|  31|0x0000000781f00000, 0x0000000781f00000, 0x0000000782000000|  0%| F|  |TAMS 0x0000000781f00000, 0x0000000781f00000| Untracked 
|  32|0x0000000782000000, 0x0000000782000000, 0x0000000782100000|  0%| F|  |TAMS 0x0000000782000000, 0x0000000782000000| Untracked 
|  33|0x0000000782100000, 0x0000000782100000, 0x0000000782200000|  0%| F|  |TAMS 0x0000000782100000, 0x0000000782100000| Untracked 
|  34|0x0000000782200000, 0x0000000782200000, 0x0000000782300000|  0%| F|  |TAMS 0x0000000782200000, 0x0000000782200000| Untracked 
|  35|0x0000000782300000, 0x0000000782300000, 0x0000000782400000|  0%| F|  |TAMS 0x0000000782300000, 0x0000000782300000| Untracked 
|  36|0x0000000782400000, 0x0000000782400000, 0x0000000782500000|  0%| F|  |TAMS 0x0000000782400000, 0x0000000782400000| Untracked 
|  37|0x0000000782500000, 0x0000000782500000, 0x0000000782600000|  0%| F|  |TAMS 0x0000000782500000, 0x0000000782500000| Untracked 
|  38|0x0000000782600000, 0x0000000782600000, 0x0000000782700000|  0%| F|  |TAMS 0x0000000782600000, 0x0000000782600000| Untracked 
|  39|0x0000000782700000, 0x0000000782700000, 0x0000000782800000|  0%| F|  |TAMS 0x0000000782700000, 0x0000000782700000| Untracked 
|  40|0x0000000782800000, 0x0000000782800000, 0x0000000782900000|  0%| F|  |TAMS 0x0000000782800000, 0x0000000782800000| Untracked 
|  41|0x0000000782900000, 0x0000000782900000, 0x0000000782a00000|  0%| F|  |TAMS 0x0000000782900000, 0x0000000782900000| Untracked 
|  42|0x0000000782a00000, 0x0000000782a00000, 0x0000000782b00000|  0%| F|  |TAMS 0x0000000782a00000, 0x0000000782a00000| Untracked 
|  43|0x0000000782b00000, 0x0000000782b00000, 0x0000000782c00000|  0%| F|  |TAMS 0x0000000782b00000, 0x0000000782b00000| Untracked 
|  44|0x0000000782c00000, 0x0000000782c00000, 0x0000000782d00000|  0%| F|  |TAMS 0x0000000782c00000, 0x0000000782c00000| Untracked 
|  45|0x0000000782d00000, 0x0000000782d00000, 0x0000000782e00000|  0%| F|  |TAMS 0x0000000782d00000, 0x0000000782d00000| Untracked 
|  46|0x0000000782e00000, 0x0000000782e00000, 0x0000000782f00000|  0%| F|  |TAMS 0x0000000782e00000, 0x0000000782e00000| Untracked 
|  47|0x0000000782f00000, 0x0000000782f00000, 0x0000000783000000|  0%| F|  |TAMS 0x0000000782f00000, 0x0000000782f00000| Untracked 
|  48|0x0000000783000000, 0x0000000783000000, 0x0000000783100000|  0%| F|  |TAMS 0x0000000783000000, 0x0000000783000000| Untracked 
|  49|0x0000000783100000, 0x0000000783100000, 0x0000000783200000|  0%| F|  |TAMS 0x0000000783100000, 0x0000000783100000| Untracked 
|  50|0x0000000783200000, 0x0000000783200000, 0x0000000783300000|  0%| F|  |TAMS 0x0000000783200000, 0x0000000783200000| Untracked 
|  51|0x0000000783300000, 0x0000000783300000, 0x0000000783400000|  0%| F|  |TAMS 0x0000000783300000, 0x0000000783300000| Untracked 
|  52|0x0000000783400000, 0x0000000783400000, 0x0000000783500000|  0%| F|  |TAMS 0x0000000783400000, 0x0000000783400000| Untracked 
|  53|0x0000000783500000, 0x0000000783500000, 0x0000000783600000|  0%| F|  |TAMS 0x0000000783500000, 0x0000000783500000| Untracked 
|  54|0x0000000783600000, 0x0000000783600000, 0x0000000783700000|  0%| F|  |TAMS 0x0000000783600000, 0x0000000783600000| Untracked 
|  55|0x0000000783700000, 0x0000000783700000, 0x0000000783800000|  0%| F|  |TAMS 0x0000000783700000, 0x0000000783700000| Untracked 
|  56|0x0000000783800000, 0x0000000783800000, 0x0000000783900000|  0%| F|  |TAMS 0x0000000783800000, 0x0000000783800000| Untracked 
|  57|0x0000000783900000, 0x0000000783900000, 0x0000000783a00000|  0%| F|  |TAMS 0x0000000783900000, 0x0000000783900000| Untracked 
|  58|0x0000000783a00000, 0x0000000783a00000, 0x0000000783b00000|  0%| F|  |TAMS 0x0000000783a00000, 0x0000000783a00000| Untracked 
|  59|0x0000000783b00000, 0x0000000783b00000, 0x0000000783c00000|  0%| F|  |TAMS 0x0000000783b00000, 0x0000000783b00000| Untracked 
|  60|0x0000000783c00000, 0x0000000783c00000, 0x0000000783d00000|  0%| F|  |TAMS 0x0000000783c00000, 0x0000000783c00000| Untracked 
|  61|0x0000000783d00000, 0x0000000783d00000, 0x0000000783e00000|  0%| F|  |TAMS 0x0000000783d00000, 0x0000000783d00000| Untracked 
|  62|0x0000000783e00000, 0x0000000783e00000, 0x0000000783f00000|  0%| F|  |TAMS 0x0000000783e00000, 0x0000000783e00000| Untracked 
|  63|0x0000000783f00000, 0x0000000783f00000, 0x0000000784000000|  0%| F|  |TAMS 0x0000000783f00000, 0x0000000783f00000| Untracked 
|  64|0x0000000784000000, 0x0000000784000000, 0x0000000784100000|  0%| F|  |TAMS 0x0000000784000000, 0x0000000784000000| Untracked 
|  65|0x0000000784100000, 0x0000000784100000, 0x0000000784200000|  0%| F|  |TAMS 0x0000000784100000, 0x0000000784100000| Untracked 
|  66|0x0000000784200000, 0x0000000784200000, 0x0000000784300000|  0%| F|  |TAMS 0x0000000784200000, 0x0000000784200000| Untracked 
|  67|0x0000000784300000, 0x0000000784300000, 0x0000000784400000|  0%| F|  |TAMS 0x0000000784300000, 0x0000000784300000| Untracked 
|  68|0x0000000784400000, 0x0000000784400000, 0x0000000784500000|  0%| F|  |TAMS 0x0000000784400000, 0x0000000784400000| Untracked 
|  69|0x0000000784500000, 0x0000000784500000, 0x0000000784600000|  0%| F|  |TAMS 0x0000000784500000, 0x0000000784500000| Untracked 
|  70|0x0000000784600000, 0x0000000784600000, 0x0000000784700000|  0%| F|  |TAMS 0x0000000784600000, 0x0000000784600000| Untracked 
|  71|0x0000000784700000, 0x0000000784700000, 0x0000000784800000|  0%| F|  |TAMS 0x0000000784700000, 0x0000000784700000| Untracked 
|  72|0x0000000784800000, 0x0000000784800000, 0x0000000784900000|  0%| F|  |TAMS 0x0000000784800000, 0x0000000784800000| Untracked 
|  73|0x0000000784900000, 0x0000000784900000, 0x0000000784a00000|  0%| F|  |TAMS 0x0000000784900000, 0x0000000784900000| Untracked 
|  74|0x0000000784a00000, 0x0000000784a00000, 0x0000000784b00000|  0%| F|  |TAMS 0x0000000784a00000, 0x0000000784a00000| Untracked 
|  75|0x0000000784b00000, 0x0000000784b00000, 0x0000000784c00000|  0%| F|  |TAMS 0x0000000784b00000, 0x0000000784b00000| Untracked 
|  76|0x0000000784c00000, 0x0000000784c00000, 0x0000000784d00000|  0%| F|  |TAMS 0x0000000784c00000, 0x0000000784c00000| Untracked 
|  77|0x0000000784d00000, 0x0000000784d00000, 0x0000000784e00000|  0%| F|  |TAMS 0x0000000784d00000, 0x0000000784d00000| Untracked 
|  78|0x0000000784e00000, 0x0000000784e00000, 0x0000000784f00000|  0%| F|  |TAMS 0x0000000784e00000, 0x0000000784e00000| Untracked 
|  79|0x0000000784f00000, 0x0000000784f00000, 0x0000000785000000|  0%| F|  |TAMS 0x0000000784f00000, 0x0000000784f00000| Untracked 
|  80|0x0000000785000000, 0x0000000785000000, 0x0000000785100000|  0%| F|  |TAMS 0x0000000785000000, 0x0000000785000000| Untracked 
|  81|0x0000000785100000, 0x0000000785100000, 0x0000000785200000|  0%| F|  |TAMS 0x0000000785100000, 0x0000000785100000| Untracked 
|  82|0x0000000785200000, 0x0000000785200000, 0x0000000785300000|  0%| F|  |TAMS 0x0000000785200000, 0x0000000785200000| Untracked 
|  83|0x0000000785300000, 0x0000000785300000, 0x0000000785400000|  0%| F|  |TAMS 0x0000000785300000, 0x0000000785300000| Untracked 
|  84|0x0000000785400000, 0x0000000785400000, 0x0000000785500000|  0%| F|  |TAMS 0x0000000785400000, 0x0000000785400000| Untracked 
|  85|0x0000000785500000, 0x0000000785500000, 0x0000000785600000|  0%| F|  |TAMS 0x0000000785500000, 0x0000000785500000| Untracked 
|  86|0x0000000785600000, 0x0000000785600000, 0x0000000785700000|  0%| F|  |TAMS 0x0000000785600000, 0x0000000785600000| Untracked 
|  87|0x0000000785700000, 0x0000000785700000, 0x0000000785800000|  0%| F|  |TAMS 0x0000000785700000, 0x0000000785700000| Untracked 
|  88|0x0000000785800000, 0x0000000785800000, 0x0000000785900000|  0%| F|  |TAMS 0x0000000785800000, 0x0000000785800000| Untracked 
|  89|0x0000000785900000, 0x0000000785900000, 0x0000000785a00000|  0%| F|  |TAMS 0x0000000785900000, 0x0000000785900000| Untracked 
|  90|0x0000000785a00000, 0x0000000785a00000, 0x0000000785b00000|  0%| F|  |TAMS 0x0000000785a00000, 0x0000000785a00000| Untracked 
|  91|0x0000000785b00000, 0x0000000785b00000, 0x0000000785c00000|  0%| F|  |TAMS 0x0000000785b00000, 0x0000000785b00000| Untracked 
|  92|0x0000000785c00000, 0x0000000785c00000, 0x0000000785d00000|  0%| F|  |TAMS 0x0000000785c00000, 0x0000000785c00000| Untracked 
|  93|0x0000000785d00000, 0x0000000785d00000, 0x0000000785e00000|  0%| F|  |TAMS 0x0000000785d00000, 0x0000000785d00000| Untracked 
|  94|0x0000000785e00000, 0x0000000785e00000, 0x0000000785f00000|  0%| F|  |TAMS 0x0000000785e00000, 0x0000000785e00000| Untracked 
|  95|0x0000000785f00000, 0x0000000785f00000, 0x0000000786000000|  0%| F|  |TAMS 0x0000000785f00000, 0x0000000785f00000| Untracked 
|  96|0x0000000786000000, 0x0000000786000000, 0x0000000786100000|  0%| F|  |TAMS 0x0000000786000000, 0x0000000786000000| Untracked 
|  97|0x0000000786100000, 0x0000000786100000, 0x0000000786200000|  0%| F|  |TAMS 0x0000000786100000, 0x0000000786100000| Untracked 
|  98|0x0000000786200000, 0x0000000786200000, 0x0000000786300000|  0%| F|  |TAMS 0x0000000786200000, 0x0000000786200000| Untracked 
|  99|0x0000000786300000, 0x0000000786300000, 0x0000000786400000|  0%| F|  |TAMS 0x0000000786300000, 0x0000000786300000| Untracked 
| 100|0x0000000786400000, 0x0000000786400000, 0x0000000786500000|  0%| F|  |TAMS 0x0000000786400000, 0x0000000786400000| Untracked 
| 101|0x0000000786500000, 0x0000000786500000, 0x0000000786600000|  0%| F|  |TAMS 0x0000000786500000, 0x0000000786500000| Untracked 
| 102|0x0000000786600000, 0x0000000786600000, 0x0000000786700000|  0%| F|  |TAMS 0x0000000786600000, 0x0000000786600000| Untracked 
| 103|0x0000000786700000, 0x0000000786700000, 0x0000000786800000|  0%| F|  |TAMS 0x0000000786700000, 0x0000000786700000| Untracked 
| 104|0x0000000786800000, 0x0000000786800000, 0x0000000786900000|  0%| F|  |TAMS 0x0000000786800000, 0x0000000786800000| Untracked 
| 105|0x0000000786900000, 0x0000000786900000, 0x0000000786a00000|  0%| F|  |TAMS 0x0000000786900000, 0x0000000786900000| Untracked 
| 106|0x0000000786a00000, 0x0000000786a00000, 0x0000000786b00000|  0%| F|  |TAMS 0x0000000786a00000, 0x0000000786a00000| Untracked 
| 107|0x0000000786b00000, 0x0000000786b00000, 0x0000000786c00000|  0%| F|  |TAMS 0x0000000786b00000, 0x0000000786b00000| Untracked 
| 108|0x0000000786c00000, 0x0000000786c00000, 0x0000000786d00000|  0%| F|  |TAMS 0x0000000786c00000, 0x0000000786c00000| Untracked 
| 109|0x0000000786d00000, 0x0000000786d00000, 0x0000000786e00000|  0%| F|  |TAMS 0x0000000786d00000, 0x0000000786d00000| Untracked 
| 110|0x0000000786e00000, 0x0000000786e00000, 0x0000000786f00000|  0%| F|  |TAMS 0x0000000786e00000, 0x0000000786e00000| Untracked 
| 111|0x0000000786f00000, 0x0000000786f00000, 0x0000000787000000|  0%| F|  |TAMS 0x0000000786f00000, 0x0000000786f00000| Untracked 
| 112|0x0000000787000000, 0x0000000787000000, 0x0000000787100000|  0%| F|  |TAMS 0x0000000787000000, 0x0000000787000000| Untracked 
| 113|0x0000000787100000, 0x0000000787100000, 0x0000000787200000|  0%| F|  |TAMS 0x0000000787100000, 0x0000000787100000| Untracked 
| 114|0x0000000787200000, 0x0000000787200000, 0x0000000787300000|  0%| F|  |TAMS 0x0000000787200000, 0x0000000787200000| Untracked 
| 115|0x0000000787300000, 0x0000000787300000, 0x0000000787400000|  0%| F|  |TAMS 0x0000000787300000, 0x0000000787300000| Untracked 
| 116|0x0000000787400000, 0x0000000787400000, 0x0000000787500000|  0%| F|  |TAMS 0x0000000787400000, 0x0000000787400000| Untracked 
| 117|0x0000000787500000, 0x0000000787500000, 0x0000000787600000|  0%| F|  |TAMS 0x0000000787500000, 0x0000000787500000| Untracked 
| 118|0x0000000787600000, 0x0000000787600000, 0x0000000787700000|  0%| F|  |TAMS 0x0000000787600000, 0x0000000787600000| Untracked 
| 119|0x0000000787700000, 0x0000000787700000, 0x0000000787800000|  0%| F|  |TAMS 0x0000000787700000, 0x0000000787700000| Untracked 
| 120|0x0000000787800000, 0x0000000787800000, 0x0000000787900000|  0%| F|  |TAMS 0x0000000787800000, 0x0000000787800000| Untracked 
| 121|0x0000000787900000, 0x00000007879434c8, 0x0000000787a00000| 26%| E|  |TAMS 0x0000000787900000, 0x0000000787900000| Complete 
| 122|0x0000000787a00000, 0x0000000787b00000, 0x0000000787b00000|100%| E|CS|TAMS 0x0000000787a00000, 0x0000000787a00000| Complete 
| 123|0x0000000787b00000, 0x0000000787c00000, 0x0000000787c00000|100%| E|CS|TAMS 0x0000000787b00000, 0x0000000787b00000| Complete 
| 124|0x0000000787c00000, 0x0000000787d00000, 0x0000000787d00000|100%| E|CS|TAMS 0x0000000787c00000, 0x0000000787c00000| Complete 
| 125|0x0000000787d00000, 0x0000000787e00000, 0x0000000787e00000|100%| E|CS|TAMS 0x0000000787d00000, 0x0000000787d00000| Complete 
| 126|0x0000000787e00000, 0x0000000787f00000, 0x0000000787f00000|100%| E|CS|TAMS 0x0000000787e00000, 0x0000000787e00000| Complete 
| 127|0x0000000787f00000, 0x0000000788000000, 0x0000000788000000|100%| E|CS|TAMS 0x0000000787f00000, 0x0000000787f00000| Complete 
|1022|0x00000007bfe00000, 0x00000007bfe75000, 0x00000007bff00000| 45%|OA|  |TAMS 0x00000007bfe00000, 0x00000007bfe00000| Untracked 
|1023|0x00000007bff00000, 0x00000007bff7d000, 0x00000007c0000000| 48%|CA|  |TAMS 0x00000007bff00000, 0x00000007bff00000| Untracked 

Card table byte_map: [0x0000000123ebe000,0x00000001242be000] _byte_map_base: 0x00000001202be000

Marking Bits (Prev, Next): (CMBitMap*) 0x00007ff848811210, (CMBitMap*) 0x00007ff848811250
 Prev Bits: [0x00000001246be000, 0x00000001266be000)
 Next Bits: [0x00000001266be000, 0x00000001286be000)

Polling page: 0x000000010b478000

Metaspace:

Usage:
  Non-class:      1.96 MB used.
      Class:    139.19 KB used.
       Both:      2.09 MB used.

Virtual space:
  Non-class space:        8.00 MB reserved,       2.06 MB ( 26%) committed,  1 nodes.
      Class space:        1.00 GB reserved,     256.00 KB ( <1%) committed,  1 nodes.
              Both:        1.01 GB reserved,       2.31 MB ( <1%) committed. 

Chunk freelists:
   Non-Class:  3.08 MB
       Class:  3.67 MB
        Both:  6.75 MB

MaxMetaspaceSize: 17179869184.00 GB
CompressedClassSpaceSize: 1.00 GB
 - commit_granule_bytes: 65536.
 - commit_granule_words: 8192.
 - virtual_space_node_default_size: 1048576.
 - enlarge_chunks_in_place: 1.
 - new_chunks_are_fully_committed: 0.
 - uncommit_free_chunks: 1.
 - use_allocation_guard: 0.
 - handle_deallocations: 1.


Internal statistics:

num_allocs_failed_limit: 0.
num_arena_births: 58.
num_arena_deaths: 0.
num_vsnodes_births: 2.
num_vsnodes_deaths: 0.
num_space_committed: 37.
num_space_uncommitted: 0.
num_chunks_returned_to_freelist: 0.
num_chunks_taken_from_freelist: 109.
num_chunk_merges: 0.
num_chunk_splits: 70.
num_chunks_enlarged: 48.
num_purges: 0.

CodeHeap 'non-profiled nmethods': size=120032Kb used=126Kb max_used=126Kb free=119905Kb
 bounds [0x000000011c586000, 0x000000011c7f6000, 0x0000000123abe000]
CodeHeap 'profiled nmethods': size=120028Kb used=693Kb max_used=693Kb free=119334Kb
 bounds [0x000000011504f000, 0x00000001152bf000, 0x000000011c586000]
CodeHeap 'non-nmethods': size=5700Kb used=1518Kb max_used=1532Kb free=4181Kb
 bounds [0x0000000114abe000, 0x0000000114d2e000, 0x000000011504f000]
 total_blobs=1379 nmethods=457 adapters=836
 compilation: enabled
              stopped_count=0, restarted_count=0
 full_count=0

Compilation events (20 events):
Event: 0.653 Thread 0x00007ff849030c00  446       3       jdk.internal.module.SystemModuleFinders$SystemImage::reader (4 bytes)
Event: 0.653 Thread 0x00007ff849030c00 nmethod 446 0x00000001150f9990 code [0x00000001150f9b20, 0x00000001150f9c10]
Event: 0.653 Thread 0x00007ff849030c00  447       3       jdk.internal.jimage.ImageReader::findLocation (14 bytes)
Event: 0.653 Thread 0x00007ff849030c00 nmethod 447 0x00000001150f9c90 code [0x00000001150f9e60, 0x00000001150fa1b0]
Event: 0.653 Thread 0x00007ff849030c00  443       3       java.lang.String::<init> (10 bytes)
Event: 0.653 Thread 0x00007ff849030c00 nmethod 443 0x00000001150fa310 code [0x00000001150fa4c0, 0x00000001150fa620]
Event: 0.654 Thread 0x00007ff849030c00  451       3       java.util.ArrayDeque::inc (12 bytes)
Event: 0.654 Thread 0x00007ff849030c00 nmethod 451 0x00000001150fa710 code [0x00000001150fa8a0, 0x00000001150fa9d0]
Event: 0.656 Thread 0x00007ff849030c00  453   !   3       java.util.zip.ZipFile$Source::readFullyAt (74 bytes)
Event: 0.656 Thread 0x00007ff849030c00 nmethod 453 0x00000001150faa90 code [0x00000001150faca0, 0x00000001150fb260]
Event: 0.656 Thread 0x00007ff849030c00  452       1       java.nio.HeapByteBuffer::isDirect (2 bytes)
Event: 0.656 Thread 0x00007ff849030c00 nmethod 452 0x000000011c5a5410 code [0x000000011c5a55a0, 0x000000011c5a5670]
Event: 0.657 Thread 0x00007ff849030c00  454       3       java.util.ArrayList::add (25 bytes)
Event: 0.657 Thread 0x00007ff849030c00 nmethod 454 0x00000001150fb610 code [0x00000001150fb7e0, 0x00000001150fbc20]
Event: 0.657 Thread 0x00007ff849030c00  455       3       sun.misc.Unsafe::putLong (11 bytes)
Event: 0.657 Thread 0x00007ff84902e400  457       4       java.lang.Integer::toUnsignedLong (7 bytes)
Event: 0.657 Thread 0x00007ff849030c00 nmethod 455 0x00000001150fbe10 code [0x00000001150fbfa0, 0x00000001150fc0b0]
Event: 0.657 Thread 0x00007ff849030c00  456       3       org.lwjgl.system.MemoryUtil::memPutAddress (29 bytes)
Event: 0.657 Thread 0x00007ff84902e400 nmethod 457 0x000000011c5a5710 code [0x000000011c5a5880, 0x000000011c5a58d8]
Event: 0.657 Thread 0x00007ff849030c00 nmethod 456 0x00000001150fc190 code [0x00000001150fc340, 0x00000001150fc530]

GC Heap History (0 events):
No events

Deoptimization events (0 events):
No events

Classes unloaded (0 events):
No events

Classes redefined (0 events):
No events

Internal exceptions (17 events):
Event: 0.401 Thread 0x00007ff849006c00 Exception <a 'java/lang/NoSuchMethodError'{0x0000000787c27cd8}: 'void java.lang.invoke.DirectMethodHandle$Holder.invokeStatic(java.lang.Object, java.lang.Object)'> (0x0000000787c27cd8) 
thrown [./open/src/hotspot/share/interpreter/linkResolver.cpp, line 790]
Event: 0.403 Thread 0x00007ff849006c00 Exception <a 'java/lang/NoSuchMethodError'{0x0000000787c2d1e8}: 'void java.lang.invoke.DirectMethodHandle$Holder.invokeSpecial(java.lang.Object, java.lang.Object, java.lang.Object)'> (0x0000000787c2d1e8) 
thrown [./open/src/hotspot/share/interpreter/linkResolver.cpp, line 790]
Event: 0.409 Thread 0x00007ff849006c00 Exception <a 'java/lang/NoSuchMethodError'{0x0000000787c41508}: 'java.lang.Object java.lang.invoke.DirectMethodHandle$Holder.invokeStatic(java.lang.Object, java.lang.Object, int)'> (0x0000000787c41508) 
thrown [./open/src/hotspot/share/interpreter/linkResolver.cpp, line 790]
Event: 0.411 Thread 0x00007ff849006c00 Exception <a 'java/lang/NoSuchMethodError'{0x0000000787c4d8d0}: 'void java.lang.invoke.DelegatingMethodHandle$Holder.delegate(java.lang.Object, java.lang.Object, int, java.lang.Object)'> (0x0000000787c4d8d0) 
thrown [./open/src/hotspot/share/interpreter/linkResolver.cpp, line 790]
Event: 0.411 Thread 0x00007ff849006c00 Exception <a 'java/lang/NoSuchMethodError'{0x0000000787c51bf8}: 'int java.lang.invoke.DirectMethodHandle$Holder.invokeSpecial(java.lang.Object, java.lang.Object, java.lang.Object)'> (0x0000000787c51bf8) 
thrown [./open/src/hotspot/share/interpreter/linkResolver.cpp, line 790]
Event: 0.461 Thread 0x00007ff849006c00 Exception <a 'sun/nio/fs/UnixException'{0x0000000787b06b28}> (0x0000000787b06b28) 
thrown [./open/src/hotspot/share/prims/jni.cpp, line 579]
Event: 0.475 Thread 0x00007ff849006c00 Exception <a 'sun/nio/fs/UnixException'{0x0000000787b23518}> (0x0000000787b23518) 
thrown [./open/src/hotspot/share/prims/jni.cpp, line 579]
Event: 0.483 Thread 0x00007ff849006c00 Exception <a 'java/lang/NoSuchMethodError'{0x0000000787b73078}: 'java.lang.Object java.lang.invoke.DirectMethodHandle$Holder.invokeStatic(java.lang.Object)'> (0x0000000787b73078) 
thrown [./open/src/hotspot/share/interpreter/linkResolver.cpp, line 790]
Event: 0.484 Thread 0x00007ff849006c00 Exception <a 'java/lang/NoSuchMethodError'{0x0000000787b766e8}: 'java.lang.Object java.lang.invoke.DirectMethodHandle$Holder.invokeStaticInit(java.lang.Object)'> (0x0000000787b766e8) 
thrown [./open/src/hotspot/share/interpreter/linkResolver.cpp, line 790]
Event: 0.489 Thread 0x00007ff849006c00 Exception <a 'java/lang/NoSuchMethodError'{0x0000000787b93bb8}: 'int java.lang.invoke.DirectMethodHandle$Holder.invokeStaticInit(java.lang.Object, java.lang.Object, int, long)'> (0x0000000787b93bb8) 
thrown [./open/src/hotspot/share/interpreter/linkResolver.cpp, line 790]
Event: 0.490 Thread 0x00007ff849006c00 Exception <a 'java/lang/NoSuchMethodError'{0x0000000787b99688}: 'java.lang.Object java.lang.invoke.DirectMethodHandle$Holder.newInvokeSpecial(java.lang.Object, java.lang.Object, int)'> (0x0000000787b99688) 
thrown [./open/src/hotspot/share/interpreter/linkResolver.cpp, line 790]
Event: 0.493 Thread 0x00007ff849006c00 Exception <a 'java/lang/NoSuchMethodError'{0x0000000787babdc8}: 'int java.lang.invoke.DirectMethodHandle$Holder.invokeStaticInit(java.lang.Object, java.lang.Object, long, long)'> (0x0000000787babdc8) 
thrown [./open/src/hotspot/share/interpreter/linkResolver.cpp, line 790]
Event: 0.494 Thread 0x00007ff849006c00 Exception <a 'java/lang/NoSuchMethodError'{0x0000000787bb2170}: 'java.lang.Object java.lang.invoke.DirectMethodHandle$Holder.newInvokeSpecial(java.lang.Object, java.lang.Object, long)'> (0x0000000787bb2170) 
thrown [./open/src/hotspot/share/interpreter/linkResolver.cpp, line 790]
Event: 0.495 Thread 0x00007ff849006c00 Exception <a 'java/lang/NoSuchMethodError'{0x0000000787bb6570}: 'java.lang.Object java.lang.invoke.Invokers$Holder.linkToTargetMethod(java.lang.Object, long, java.lang.Object)'> (0x0000000787bb6570) 
thrown [./open/src/hotspot/share/interpreter/linkResolver.cpp, line 790]
Event: 0.496 Thread 0x00007ff849006c00 Exception <a 'java/lang/NoSuchMethodError'{0x0000000787bbe018}: 'int java.lang.invoke.DirectMethodHandle$Holder.invokeStaticInit(java.lang.Object, java.lang.Object, java.lang.Object, long)'> (0x0000000787bbe018) 
thrown [./open/src/hotspot/share/interpreter/linkResolver.cpp, line 790]
Event: 0.519 Thread 0x00007ff849006c00 Exception <a 'sun/nio/fs/UnixException'{0x0000000787a47460}> (0x0000000787a47460) 
thrown [./open/src/hotspot/share/prims/jni.cpp, line 579]
Event: 0.651 Thread 0x00007ff849006c00 Exception <a 'sun/nio/fs/UnixException'{0x0000000787ae2ef0}> (0x0000000787ae2ef0) 
thrown [./open/src/hotspot/share/prims/jni.cpp, line 579]

Events (20 events):
Event: 0.486 loading class sun/misc/Unsafe done
Event: 0.486 loading class jdk/internal/module/IllegalAccessLogger
Event: 0.486 loading class jdk/internal/module/IllegalAccessLogger done
Event: 0.486 loading class jdk/internal/reflect/UnsafeFieldAccessorFactory
Event: 0.486 loading class jdk/internal/reflect/UnsafeFieldAccessorFactory done
Event: 0.486 loading class jdk/internal/reflect/UnsafeQualifiedStaticObjectFieldAccessorImpl
Event: 0.486 loading class jdk/internal/reflect/UnsafeQualifiedStaticFieldAccessorImpl
Event: 0.486 loading class jdk/internal/reflect/UnsafeQualifiedStaticFieldAccessorImpl done
Event: 0.486 loading class jdk/internal/reflect/UnsafeQualifiedStaticObjectFieldAccessorImpl done
Event: 0.488 loading class java/util/function/LongPredicate
Event: 0.488 loading class java/util/function/LongPredicate done
Event: 0.491 loading class jdk/internal/access/foreign/MemorySegmentProxy
Event: 0.491 loading class jdk/internal/access/foreign/MemorySegmentProxy done
Event: 0.499 loading class java/nio/InvalidMarkException
Event: 0.499 loading class java/nio/InvalidMarkException done
Event: 0.499 loading class java/nio/BufferUnderflowException
Event: 0.499 loading class java/nio/BufferUnderflowException done
Event: 0.504 loading class java/lang/IndexOutOfBoundsException
Event: 0.504 loading class java/lang/IndexOutOfBoundsException done
Event: 0.651 Loaded shared library /private/var/folders/d4/z4k1h3vx4wjfx481pcdjc6fw0000gp/T/lwjgldeletelater/3.3.1-build-7/liblwjgl_opengl.dylib


Dynamic libraries:
0x00007fff76396000 	/usr/lib/libz.1.dylib
0x000000010b426000 	/Library/Java/JavaVirtualMachines/jdk-16.0.1.jdk/Contents/Home/lib/libjli.dylib
0x00007fff4b1fa000 	/System/Library/Frameworks/Cocoa.framework/Versions/A/Cocoa
0x00007fff56f3c000 	/System/Library/Frameworks/Security.framework/Versions/A/Security
0x00007fff49e8d000 	/System/Library/Frameworks/ApplicationServices.framework/Versions/A/ApplicationServices
0x00007fff73cf0000 	/usr/lib/libSystem.B.dylib
0x00007fff76b8c000 	/usr/lib/system/libcache.dylib
0x00007fff76b91000 	/usr/lib/system/libcommonCrypto.dylib
0x00007fff76b9c000 	/usr/lib/system/libcompiler_rt.dylib
0x00007fff76ba4000 	/usr/lib/system/libcopyfile.dylib
0x00007fff76bae000 	/usr/lib/system/libcorecrypto.dylib
0x00007fff76cb9000 	/usr/lib/system/libdispatch.dylib
0x00007fff76cf3000 	/usr/lib/system/libdyld.dylib
0x00007fff76d20000 	/usr/lib/system/libkeymgr.dylib
0x00007fff76d2e000 	/usr/lib/system/liblaunch.dylib
0x00007fff76d2f000 	/usr/lib/system/libmacho.dylib
0x00007fff76d35000 	/usr/lib/system/libquarantine.dylib
0x00007fff76d38000 	/usr/lib/system/libremovefile.dylib
0x00007fff76d3a000 	/usr/lib/system/libsystem_asl.dylib
0x00007fff76d52000 	/usr/lib/system/libsystem_blocks.dylib
0x00007fff76d53000 	/usr/lib/system/libsystem_c.dylib
0x00007fff76ddb000 	/usr/lib/system/libsystem_configuration.dylib
0x00007fff76ddf000 	/usr/lib/system/libsystem_coreservices.dylib
0x00007fff76de3000 	/usr/lib/system/libsystem_darwin.dylib
0x00007fff76dea000 	/usr/lib/system/libsystem_dnssd.dylib
0x00007fff76df1000 	/usr/lib/system/libsystem_info.dylib
0x00007fff76e66000 	/usr/lib/system/libsystem_m.dylib
0x00007fff76eb2000 	/usr/lib/system/libsystem_malloc.dylib
0x00007fff76edd000 	/usr/lib/system/libsystem_networkextension.dylib
0x00007fff76ee8000 	/usr/lib/system/libsystem_notify.dylib
0x00007fff76f05000 	/usr/lib/system/libsystem_sandbox.dylib
0x00007fff76f09000 	/usr/lib/system/libsystem_secinit.dylib
0x00007fff76e3d000 	/usr/lib/system/libsystem_kernel.dylib
0x00007fff76ef0000 	/usr/lib/system/libsystem_platform.dylib
0x00007fff76efa000 	/usr/lib/system/libsystem_pthread.dylib
0x00007fff76f0c000 	/usr/lib/system/libsystem_symptoms.dylib
0x00007fff76f14000 	/usr/lib/system/libsystem_trace.dylib
0x00007fff76f2b000 	/usr/lib/system/libunwind.dylib
0x00007fff76f31000 	/usr/lib/system/libxpc.dylib
0x00007fff75527000 	/usr/lib/libobjc.A.dylib
0x00007fff73f87000 	/usr/lib/libc++abi.dylib
0x00007fff73f33000 	/usr/lib/libc++.1.dylib
0x00007fff4ba0d000 	/System/Library/Frameworks/CoreFoundation.framework/Versions/A/CoreFoundation
0x00007fff4dc90000 	/System/Library/Frameworks/Foundation.framework/Versions/C/Foundation
0x00007fff49086000 	/System/Library/Frameworks/AppKit.framework/Versions/C/AppKit
0x00007fff4b596000 	/System/Library/Frameworks/CoreData.framework/Versions/A/CoreData
0x00007fff6e11b000 	/System/Library/PrivateFrameworks/RemoteViewServices.framework/Versions/A/RemoteViewServices
0x00007fff71b69000 	/System/Library/PrivateFrameworks/UIFoundation.framework/Versions/A/UIFoundation
0x00007fff73111000 	/System/Library/PrivateFrameworks/XCTTargetBootstrap.framework/Versions/A/XCTTargetBootstrap
0x00007fff4b91c000 	/System/Library/Frameworks/CoreDisplay.framework/Versions/A/CoreDisplay
0x00007fff68fcb000 	/System/Library/PrivateFrameworks/IconServices.framework/Versions/A/IconServices
0x00007fff505b1000 	/System/Library/Frameworks/Metal.framework/Versions/A/Metal
0x00007fff60524000 	/System/Library/PrivateFrameworks/DesktopServicesPriv.framework/Versions/A/DesktopServicesPriv
0x00007fff7488a000 	/usr/lib/libenergytrace.dylib
0x00007fff70050000 	/System/Library/PrivateFrameworks/SkyLight.framework/Versions/A/SkyLight
0x00007fff4be54000 	/System/Library/Frameworks/CoreGraphics.framework/Versions/A/CoreGraphics
0x00007fff47e52000 	/System/Library/Frameworks/Accelerate.framework/Versions/A/Accelerate
0x00007fff4e3d9000 	/System/Library/Frameworks/IOSurface.framework/Versions/A/IOSurface
0x00007fff60390000 	/System/Library/PrivateFrameworks/DFRFoundation.framework/Versions/A/DFRFoundation
0x00007fff4a370000 	/System/Library/Frameworks/AudioToolbox.framework/Versions/A/AudioToolbox
0x00007fff4a5e9000 	/System/Library/Frameworks/AudioUnit.framework/Versions/A/AudioUnit
0x00007fff60425000 	/System/Library/PrivateFrameworks/DataDetectorsCore.framework/Versions/A/DataDetectorsCore
0x00007fff4acfd000 	/System/Library/Frameworks/Carbon.framework/Versions/A/Frameworks/HIToolbox.framework/Versions/A/HIToolbox
0x00007fff749e3000 	/usr/lib/libicucore.A.dylib
0x00007fff564b0000 	/System/Library/Frameworks/QuartzCore.framework/Versions/A/QuartzCore
0x00007fff4b0d2000 	/System/Library/Frameworks/Carbon.framework/Versions/A/Frameworks/SpeechRecognition.framework/Versions/A/SpeechRecognition
0x00007fff73e44000 	/usr/lib/libauto.dylib
0x00007fff7628a000 	/usr/lib/libxml2.2.dylib
0x00007fff5ff6b000 	/System/Library/PrivateFrameworks/CoreUI.framework/Versions/A/CoreUI
0x00007fff4b4e3000 	/System/Library/Frameworks/CoreAudio.framework/Versions/A/CoreAudio
0x00007fff4dac5000 	/System/Library/Frameworks/DiskArbitration.framework/Versions/A/DiskArbitration
0x00007fff74c91000 	/usr/lib/liblangid.dylib
0x00007fff6a260000 	/System/Library/PrivateFrameworks/MultitouchSupport.framework/Versions/A/MultitouchSupport
0x00007fff4e348000 	/System/Library/Frameworks/IOKit.framework/Versions/A/IOKit
0x00007fff738b0000 	/usr/lib/libDiagnosticMessagesClient.dylib
0x00007fff4cc63000 	/System/Library/Frameworks/CoreServices.framework/Versions/A/CoreServices
0x00007fff6bf1a000 	/System/Library/PrivateFrameworks/PerformanceAnalysis.framework/Versions/A/PerformanceAnalysis
0x00007fff5569e000 	/System/Library/Frameworks/OpenGL.framework/Versions/A/OpenGL
0x00007fff4b208000 	/System/Library/Frameworks/ColorSync.framework/Versions/A/ColorSync
0x00007fff4c4e5000 	/System/Library/Frameworks/CoreImage.framework/Versions/A/CoreImage
0x00007fff4d63b000 	/System/Library/Frameworks/CoreText.framework/Versions/A/CoreText
0x00007fff4e43c000 	/System/Library/Frameworks/ImageIO.framework/Versions/A/ImageIO
0x00007fff5c5dd000 	/System/Library/PrivateFrameworks/Backup.framework/Versions/A/Backup
0x00007fff73d97000 	/usr/lib/libarchive.2.dylib
0x00007fff4a942000 	/System/Library/Frameworks/CFNetwork.framework/Versions/A/CFNetwork
0x00007fff57698000 	/System/Library/Frameworks/SystemConfiguration.framework/Versions/A/SystemConfiguration
0x00007fff737e1000 	/usr/lib/libCRFSuite.dylib
0x00007fff73f14000 	/usr/lib/libbsm.0.dylib
0x00007fff76d21000 	/usr/lib/system/libkxld.dylib
0x00007fff5b9ce000 	/System/Library/PrivateFrameworks/AppleFSCompression.framework/Versions/A/AppleFSCompression
0x00007fff73bb0000 	/usr/lib/libOpenScriptingUtil.dylib
0x00007fff7423c000 	/usr/lib/libcoretls.dylib
0x00007fff74253000 	/usr/lib/libcoretls_cfhelpers.dylib
0x00007fff75cbe000 	/usr/lib/libpam.2.dylib
0x00007fff75e7e000 	/usr/lib/libsqlite3.dylib
0x00007fff76278000 	/usr/lib/libxar.1.dylib
0x00007fff73f25000 	/usr/lib/libbz2.1.0.dylib
0x00007fff74c93000 	/usr/lib/liblzma.5.dylib
0x00007fff75144000 	/usr/lib/libnetwork.dylib
0x00007fff73d80000 	/usr/lib/libapple_nghttp2.dylib
0x00007fff75cc5000 	/usr/lib/libpcap.A.dylib
0x00007fff4d002000 	/System/Library/Frameworks/CoreServices.framework/Versions/A/Frameworks/FSEvents.framework/Versions/A/FSEvents
0x00007fff4cce1000 	/System/Library/Frameworks/CoreServices.framework/Versions/A/Frameworks/CarbonCore.framework/Versions/A/CarbonCore
0x00007fff4d1bd000 	/System/Library/Frameworks/CoreServices.framework/Versions/A/Frameworks/Metadata.framework/Versions/A/Metadata
0x00007fff4d25c000 	/System/Library/Frameworks/CoreServices.framework/Versions/A/Frameworks/OSServices.framework/Versions/A/OSServices
0x00007fff4d2a7000 	/System/Library/Frameworks/CoreServices.framework/Versions/A/Frameworks/SearchKit.framework/Versions/A/SearchKit
0x00007fff4cc64000 	/System/Library/Frameworks/CoreServices.framework/Versions/A/Frameworks/AE.framework/Versions/A/AE
0x00007fff4d00b000 	/System/Library/Frameworks/CoreServices.framework/Versions/A/Frameworks/LaunchServices.framework/Versions/A/LaunchServices
0x00007fff4cfb9000 	/System/Library/Frameworks/CoreServices.framework/Versions/A/Frameworks/DictionaryServices.framework/Versions/A/DictionaryServices
0x00007fff4d30f000 	/System/Library/Frameworks/CoreServices.framework/Versions/A/Frameworks/SharedFileList.framework/Versions/A/SharedFileList
0x00007fff51679000 	/System/Library/Frameworks/NetFS.framework/Versions/A/NetFS
0x00007fff6a4c6000 	/System/Library/PrivateFrameworks/NetAuth.framework/Versions/A/NetAuth
0x00007fff73515000 	/System/Library/PrivateFrameworks/login.framework/Versions/A/Frameworks/loginsupport.framework/Versions/A/loginsupport
0x00007fff71772000 	/System/Library/PrivateFrameworks/TCC.framework/Versions/A/TCC
0x00007fff5f5c8000 	/System/Library/PrivateFrameworks/CoreNLP.framework/Versions/A/CoreNLP
0x00007fff6a0c4000 	/System/Library/PrivateFrameworks/MetadataUtilities.framework/Versions/A/MetadataUtilities
0x00007fff74d68000 	/usr/lib/libmecabra.dylib
0x00007fff49e8e000 	/System/Library/Frameworks/ApplicationServices.framework/Versions/A/Frameworks/ATS.framework/Versions/A/ATS
0x00007fff4a1dd000 	/System/Library/Frameworks/ApplicationServices.framework/Versions/A/Frameworks/ColorSyncLegacy.framework/Versions/A/ColorSyncLegacy
0x00007fff4a27c000 	/System/Library/Frameworks/ApplicationServices.framework/Versions/A/Frameworks/HIServices.framework/Versions/A/HIServices
0x00007fff4a2cf000 	/System/Library/Frameworks/ApplicationServices.framework/Versions/A/Frameworks/LangAnalysis.framework/Versions/A/LangAnalysis
0x00007fff4a2df000 	/System/Library/Frameworks/ApplicationServices.framework/Versions/A/Frameworks/PrintCore.framework/Versions/A/PrintCore
0x00007fff4a329000 	/System/Library/Frameworks/ApplicationServices.framework/Versions/A/Frameworks/QD.framework/Versions/A/QD
0x00007fff4a363000 	/System/Library/Frameworks/ApplicationServices.framework/Versions/A/Frameworks/SpeechSynthesis.framework/Versions/A/SpeechSynthesis
0x00007fff73faf000 	/usr/lib/libcompression.dylib
0x00007fff50881000 	/System/Library/Frameworks/MetalPerformanceShaders.framework/Versions/A/MetalPerformanceShaders
0x00007fff47e6a000 	/System/Library/Frameworks/Accelerate.framework/Versions/A/Frameworks/vImage.framework/Versions/A/vImage
0x00007fff48ee4000 	/System/Library/Frameworks/Accelerate.framework/Versions/A/Frameworks/vecLib.framework/Versions/A/vecLib
0x00007fff48e30000 	/System/Library/Frameworks/Accelerate.framework/Versions/A/Frameworks/vecLib.framework/Versions/A/libvMisc.dylib
0x00007fff48c48000 	/System/Library/Frameworks/Accelerate.framework/Versions/A/Frameworks/vecLib.framework/Versions/A/libvDSP.dylib
0x00007fff48504000 	/System/Library/Frameworks/Accelerate.framework/Versions/A/Frameworks/vecLib.framework/Versions/A/libBLAS.dylib
0x00007fff487f1000 	/System/Library/Frameworks/Accelerate.framework/Versions/A/Frameworks/vecLib.framework/Versions/A/libLAPACK.dylib
0x00007fff48b9b000 	/System/Library/Frameworks/Accelerate.framework/Versions/A/Frameworks/vecLib.framework/Versions/A/libLinearAlgebra.dylib
0x00007fff48c34000 	/System/Library/Frameworks/Accelerate.framework/Versions/A/Frameworks/vecLib.framework/Versions/A/libSparseBLAS.dylib
0x00007fff48bb1000 	/System/Library/Frameworks/Accelerate.framework/Versions/A/Frameworks/vecLib.framework/Versions/A/libQuadrature.dylib
0x00007fff4877e000 	/System/Library/Frameworks/Accelerate.framework/Versions/A/Frameworks/vecLib.framework/Versions/A/libBNNS.dylib
0x00007fff48bb7000 	/System/Library/Frameworks/Accelerate.framework/Versions/A/Frameworks/vecLib.framework/Versions/A/libSparse.dylib
0x00007fff66900000 	/System/Library/PrivateFrameworks/GPUWrangler.framework/Versions/A/GPUWrangler
0x00007fff68c00000 	/System/Library/PrivateFrameworks/IOAccelerator.framework/Versions/A/IOAccelerator
0x00007fff68c0b000 	/System/Library/PrivateFrameworks/IOPresentment.framework/Versions/A/IOPresentment
0x00007fff603a0000 	/System/Library/PrivateFrameworks/DSExternalDisplay.framework/Versions/A/DSExternalDisplay
0x00007fff54af5000 	/System/Library/Frameworks/OpenGL.framework/Versions/A/Libraries/libCoreFSCache.dylib
0x00007fff50675000 	/System/Library/Frameworks/MetalPerformanceShaders.framework/Frameworks/MPSCore.framework/Versions/A/MPSCore
0x00007fff50695000 	/System/Library/Frameworks/MetalPerformanceShaders.framework/Frameworks/MPSImage.framework/Versions/A/MPSImage
0x00007fff5073a000 	/System/Library/Frameworks/MetalPerformanceShaders.framework/Frameworks/MPSNeuralNetwork.framework/Versions/A/MPSNeuralNetwork
0x00007fff50712000 	/System/Library/Frameworks/MetalPerformanceShaders.framework/Frameworks/MPSMatrix.framework/Versions/A/MPSMatrix
0x00007fff50866000 	/System/Library/Frameworks/MetalPerformanceShaders.framework/Frameworks/MPSRayIntersector.framework/Versions/A/MPSRayIntersector
0x00007fff6a0ed000 	/System/Library/PrivateFrameworks/MetalTools.framework/Versions/A/MetalTools
0x00007fff5b3fb000 	/System/Library/PrivateFrameworks/AggregateDictionary.framework/Versions/A/AggregateDictionary
0x00007fff73b90000 	/usr/lib/libMobileGestalt.dylib
0x00007fff4d79e000 	/System/Library/Frameworks/CoreVideo.framework/Versions/A/CoreVideo
0x00007fff67711000 	/System/Library/PrivateFrameworks/GraphVisualizer.framework/Versions/A/GraphVisualizer
0x00007fff61590000 	/System/Library/PrivateFrameworks/FaceCore.framework/Versions/A/FaceCore
0x00007fff54123000 	/System/Library/Frameworks/OpenCL.framework/Versions/A/OpenCL
0x00007fff738e8000 	/usr/lib/libFosl_dynamic.dylib
0x00007fff6ad31000 	/System/Library/PrivateFrameworks/OTSVG.framework/Versions/A/OTSVG
0x00007fff49f92000 	/System/Library/Frameworks/ApplicationServices.framework/Versions/A/Frameworks/ATS.framework/Versions/A/Resources/libFontParser.dylib
0x00007fff4a0aa000 	/System/Library/Frameworks/ApplicationServices.framework/Versions/A/Frameworks/ATS.framework/Versions/A/Resources/libFontRegistry.dylib
0x00007fff4e6aa000 	/System/Library/Frameworks/ImageIO.framework/Versions/A/Resources/libJPEG.dylib
0x00007fff4e9bc000 	/System/Library/Frameworks/ImageIO.framework/Versions/A/Resources/libTIFF.dylib
0x00007fff4e992000 	/System/Library/Frameworks/ImageIO.framework/Versions/A/Resources/libPng.dylib
0x00007fff4e5c8000 	/System/Library/Frameworks/ImageIO.framework/Versions/A/Resources/libGIF.dylib
0x00007fff4e5cd000 	/System/Library/Frameworks/ImageIO.framework/Versions/A/Resources/libJP2.dylib
0x00007fff4e9b9000 	/System/Library/Frameworks/ImageIO.framework/Versions/A/Resources/libRadiance.dylib
0x00007fff5bb25000 	/System/Library/PrivateFrameworks/AppleJPEG.framework/Versions/A/AppleJPEG
0x00007fff54b00000 	/System/Library/Frameworks/OpenGL.framework/Versions/A/Libraries/libGFXShared.dylib
0x00007fff54cc3000 	/System/Library/Frameworks/OpenGL.framework/Versions/A/Libraries/libGLU.dylib
0x00007fff54b09000 	/System/Library/Frameworks/OpenGL.framework/Versions/A/Libraries/libGL.dylib
0x00007fff54b15000 	/System/Library/Frameworks/OpenGL.framework/Versions/A/Libraries/libGLImage.dylib
0x00007fff54af2000 	/System/Library/Frameworks/OpenGL.framework/Versions/A/Libraries/libCVMSPluginSupport.dylib
0x00007fff54afb000 	/System/Library/Frameworks/OpenGL.framework/Versions/A/Libraries/libCoreVMClient.dylib
0x00007fff74700000 	/usr/lib/libcups.2.dylib
0x00007fff4fb7c000 	/System/Library/Frameworks/Kerberos.framework/Versions/A/Kerberos
0x00007fff4e0ac000 	/System/Library/Frameworks/GSS.framework/Versions/A/GSS
0x00007fff75e13000 	/usr/lib/libresolv.9.dylib
0x00007fff748f2000 	/usr/lib/libiconv.2.dylib
0x00007fff67886000 	/System/Library/PrivateFrameworks/Heimdal.framework/Versions/A/Heimdal
0x00007fff748c2000 	/usr/lib/libheimdal-asn1.dylib
0x00007fff54197000 	/System/Library/Frameworks/OpenDirectory.framework/Versions/A/OpenDirectory
0x00007fff5e32b000 	/System/Library/PrivateFrameworks/CommonAuth.framework/Versions/A/CommonAuth
0x00007fff5417b000 	/System/Library/Frameworks/OpenDirectory.framework/Versions/A/Frameworks/CFOpenDirectory.framework/Versions/A/CFOpenDirectory
0x00007fff5723d000 	/System/Library/Frameworks/SecurityFoundation.framework/Versions/A/SecurityFoundation
0x00007fff5a941000 	/System/Library/PrivateFrameworks/APFS.framework/Versions/A/APFS
0x00007fff76274000 	/usr/lib/libutil.dylib
0x00007fff73f9d000 	/usr/lib/libcharset.1.dylib
0x00007fff5bdc2000 	/System/Library/PrivateFrameworks/AppleSauce.framework/Versions/A/AppleSauce
0x00007fff5bf43000 	/System/Library/PrivateFrameworks/AssertionServices.framework/Versions/A/AssertionServices
0x00007fff5c673000 	/System/Library/PrivateFrameworks/BaseBoard.framework/Versions/A/BaseBoard
0x00007fff74cc3000 	/usr/lib/libmecab.1.0.0.dylib
0x00007fff748bc000 	/usr/lib/libgermantok.dylib
0x00007fff73d6d000 	/usr/lib/libThaiTokenizer.dylib
0x00007fff73818000 	/usr/lib/libChineseTokenizer.dylib
0x00007fff692ab000 	/System/Library/PrivateFrameworks/LanguageModeling.framework/Versions/A/LanguageModeling
0x00007fff5f00d000 	/System/Library/PrivateFrameworks/CoreEmoji.framework/Versions/A/CoreEmoji
0x00007fff69387000 	/System/Library/PrivateFrameworks/Lexicon.framework/Versions/A/Lexicon
0x00007fff693ca000 	/System/Library/PrivateFrameworks/LinguisticData.framework/Versions/A/LinguisticData
0x00007fff73f9e000 	/usr/lib/libcmph.dylib
0x00007fff572fb000 	/System/Library/Frameworks/ServiceManagement.framework/Versions/A/ServiceManagement
0x00007fff5c5d4000 	/System/Library/PrivateFrameworks/BackgroundTaskManagement.framework/Versions/A/BackgroundTaskManagement
0x00007fff7636d000 	/usr/lib/libxslt.1.dylib
0x00007fff4afff000 	/System/Library/Frameworks/Carbon.framework/Versions/A/Frameworks/Ink.framework/Versions/A/Ink
0x00007fff719e4000 	/System/Library/PrivateFrameworks/TextureIO.framework/Versions/A/TextureIO
0x00007fff73dc1000 	/usr/lib/libate.dylib
0x00007fff602ef000 	/System/Library/PrivateFrameworks/CrashReporterSupport.framework/Versions/A/CrashReporterSupport
0x00007fff6f11e000 	/System/Library/PrivateFrameworks/Sharing.framework/Versions/A/Sharing
0x00007fff5c326000 	/System/Library/PrivateFrameworks/AuthKit.framework/Versions/A/AuthKit
0x00007fff5b87a000 	/System/Library/PrivateFrameworks/Apple80211.framework/Versions/A/Apple80211
0x00007fff60097000 	/System/Library/PrivateFrameworks/CoreUtils.framework/Versions/A/CoreUtils
0x00007fff4d7df000 	/System/Library/Frameworks/CoreWLAN.framework/Versions/A/CoreWLAN
0x00007fff4e1db000 	/System/Library/Frameworks/IOBluetooth.framework/Versions/A/IOBluetooth
0x00007fff6ddbb000 	/System/Library/PrivateFrameworks/ProtocolBuffer.framework/Versions/A/ProtocolBuffer
0x00007fff6a1bc000 	/System/Library/PrivateFrameworks/MobileKeyBag.framework/Versions/A/MobileKeyBag
0x00007fff5f8db000 	/System/Library/PrivateFrameworks/CorePhoneNumbers.framework/Versions/A/CorePhoneNumbers
0x00007fff5bad9000 	/System/Library/PrivateFrameworks/AppleIDAuthSupport.framework/Versions/A/AppleIDAuthSupport
0x00007fff6927e000 	/System/Library/PrivateFrameworks/KeychainCircle.framework/Versions/A/KeychainCircle
0x00007fff6df71000 	/System/Library/PrivateFrameworks/ROCKit.framework/Versions/A/ROCKit
0x00007fff6028b000 	/System/Library/PrivateFrameworks/CoreWiFi.framework/Versions/A/CoreWiFi
0x00007fff4b56b000 	/System/Library/Frameworks/CoreBluetooth.framework/Versions/A/CoreBluetooth
0x00007fff604e6000 	/System/Library/PrivateFrameworks/DebugSymbols.framework/Versions/A/DebugSymbols
0x00007fff5fe57000 	/System/Library/PrivateFrameworks/CoreSymbolication.framework/Versions/A/CoreSymbolication
0x00007fff711ff000 	/System/Library/PrivateFrameworks/Symbolication.framework/Versions/A/Symbolication
0x00007fff70aa2000 	/System/Library/PrivateFrameworks/SpeechRecognitionCore.framework/Versions/A/SpeechRecognitionCore
0x000000010c413000 	/Library/Java/JavaVirtualMachines/jdk-16.0.1.jdk/Contents/Home/lib/server/libjvm.dylib
0x000000010b46c000 	/Library/Java/JavaVirtualMachines/jdk-16.0.1.jdk/Contents/Home/lib/libjimage.dylib
0x000000010b4c2000 	/Library/Java/JavaVirtualMachines/jdk-16.0.1.jdk/Contents/Home/lib/libjava.dylib
0x000000010c334000 	/Library/Java/JavaVirtualMachines/jdk-16.0.1.jdk/Contents/Home/lib/libnio.dylib
0x000000012abd9000 	/Library/Java/JavaVirtualMachines/jdk-16.0.1.jdk/Contents/Home/lib/./libnet.dylib
0x000000012b488000 	/Library/Java/JavaVirtualMachines/jdk-16.0.1.jdk/Contents/Home/lib/libzip.dylib
0x000000012b4c8000 	/private/var/folders/d4/z4k1h3vx4wjfx481pcdjc6fw0000gp/T/lwjgldeletelater/3.3.1-build-7/liblwjgl.dylib
0x000000012b52e000 	/var/folders/d4/z4k1h3vx4wjfx481pcdjc6fw0000gp/T/lwjgldeletelater/3.3.1-build-7/libglfw.dylib
0x00007fff5fa5f000 	/System/Library/PrivateFrameworks/CoreServicesInternal.framework/Versions/A/CoreServicesInternal
0x00007fff7299c000 	/System/Library/PrivateFrameworks/ViewBridge.framework/Versions/A/ViewBridge
0x000000012dc0f000 	/private/var/folders/d4/z4k1h3vx4wjfx481pcdjc6fw0000gp/T/lwjgldeletelater/3.3.1-build-7/liblwjgl_opengl.dylib


VM Arguments:
jvm_args: -Dfile.encoding=UTF-8 -XX:+ShowCodeDetailsInExceptionMessages 
java_command: main.MainApp
java_class_path (initial): /Users/deletelater/eclipse-workspace/Game Engine Learning/bin:/Users/deletelater/Downloads/lwjgl-release-3.3.1-custom (1)/lwjgl-assimp-natives-linux.jar:/Users/deletelater/Downloads/lwjgl-release-3.3.1-custom (1)/lwjgl-assimp-natives-macos.jar:/Users/deletelater/Downloads/lwjgl-release-3.3.1-custom (1)/lwjgl-assimp-natives-windows-x86.jar:/Users/deletelater/Downloads/lwjgl-release-3.3.1-custom (1)/lwjgl-assimp-natives-windows.jar:/Users/deletelater/Downloads/lwjgl-release-3.3.1-custom (1)/lwjgl-assimp.jar:/Users/deletelater/Downloads/lwjgl-release-3.3.1-custom (1)/lwjgl-glfw-natives-linux.jar:/Users/deletelater/Downloads/lwjgl-release-3.3.1-custom (1)/lwjgl-glfw-natives-macos.jar:/Users/deletelater/Downloads/lwjgl-release-3.3.1-custom (1)/lwjgl-glfw-natives-windows-x86.jar:/Users/deletelater/Downloads/lwjgl-release-3.3.1-custom (1)/lwjgl-glfw-natives-windows.jar:/Users/deletelater/Downloads/lwjgl-release-3.3.1-custom (1)/lwjgl-glfw.jar:/Users/deletelater/Downloads/lwjgl-release-3.3.1-custom (1)/lwjgl-natives-linux.jar:/Users/deletelater/Downloads/lwjgl-release-3.3.1-custom (1)/lwjgl-natives-macos.jar:/Users/deletelater/Downloads/lwjgl-release-3.3.1-custom (1)/lwjgl-natives-windows-x86.jar:/Users/deletelater/Downloads/lwjgl-release-3.3.1-custom (1)/lwjgl-natives-windows.jar:/Users/deletelater/Downloads/lwjgl-release-3.3.1-custom (1)/lwjgl-openal-natives-linux.jar:/Users/deletelater/Downloads/lwjgl-release-3.3.1-custom (1)/lwjgl-openal-natives-macos.jar:/Users/deletelater/Downloads/lwjgl-release-3.3.1-custom (1)/lwjgl-openal-natives-windows-x86.jar:/Users/deletelater/Downloads/lwjgl-release-3.3.1-custom (1)/lwjgl-openal-natives-windows.jar:/Users/deletelater/Downloads/lwjgl-release-3.3.1-custom (1)/lwjgl-openal.jar:/Users/deletelater/Downloads/lwjgl-release-3.3.1-custom (1)/lwjgl-opengl-natives-linux.jar:/Users/deletelater/Downloads/lwjgl-release-3.3.1-custom (1)/lwjgl-opengl-natives-macos.jar:/Users/deletelater/Downloads/lwjgl-release-3.3
Launcher Type: SUN_STANDARD

[Global flags]
     intx CICompilerCount                          = 3                                         {product} {ergonomic}
     uint ConcGCThreads                            = 1                                         {product} {ergonomic}
     uint G1ConcRefinementThreads                  = 4                                         {product} {ergonomic}
   size_t G1HeapRegionSize                         = 1048576                                   {product} {ergonomic}
    uintx GCDrainStackTargetSize                   = 64                                        {product} {ergonomic}
   size_t InitialHeapSize                          = 134217728                                 {product} {ergonomic}
   size_t MarkStackSize                            = 4194304                                   {product} {ergonomic}
   size_t MaxHeapSize                              = 2147483648                                {product} {ergonomic}
   size_t MaxNewSize                               = 1287651328                                {product} {ergonomic}
   size_t MinHeapDeltaBytes                        = 1048576                                   {product} {ergonomic}
   size_t MinHeapSize                              = 8388608                                   {product} {ergonomic}
    uintx NonNMethodCodeHeapSize                   = 5832780                                {pd product} {ergonomic}
    uintx NonProfiledCodeHeapSize                  = 122912730                              {pd product} {ergonomic}
    uintx ProfiledCodeHeapSize                     = 122912730                              {pd product} {ergonomic}
    uintx ReservedCodeCacheSize                    = 251658240                              {pd product} {ergonomic}
     bool SegmentedCodeCache                       = true                                      {product} {ergonomic}
     bool ShowCodeDetailsInExceptionMessages       = true                                   {manageable} {command line}
   size_t SoftMaxHeapSize                          = 2147483648                             {manageable} {ergonomic}
     bool UseCompressedClassPointers               = true                           {product lp64_product} {ergonomic}
     bool UseCompressedOops                        = true                           {product lp64_product} {ergonomic}
     bool UseG1GC                                  = true                                      {product} {ergonomic}
     bool UseNUMA                                  = false                                     {product} {ergonomic}
     bool UseNUMAInterleaving                      = false                                     {product} {ergonomic}

Logging:
Log output configuration:
 #0: stdout all=warning uptime,level,tags
 #1: stderr all=off uptime,level,tags

Environment Variables:
PATH=/usr/bin:/bin:/usr/sbin:/sbin
SHELL=/bin/bash

Signal Handlers:
SIGSEGV: [libjvm.dylib+0xa7bdc0], sa_mask[0]=11100110000111110111111111111111, sa_flags=SA_ONSTACK|SA_RESTART|SA_SIGINFO
SIGBUS: [libjvm.dylib+0xa7bdc0], sa_mask[0]=11100110000111110111111111111111, sa_flags=SA_RESTART|SA_SIGINFO
SIGFPE: [libjvm.dylib+0xa7bdc0], sa_mask[0]=11100110000111110111111111111111, sa_flags=SA_RESTART|SA_SIGINFO
SIGPIPE: [libjvm.dylib+0x945ca0], sa_mask[0]=11100110000111110111111111111111, sa_flags=SA_RESTART|SA_SIGINFO
SIGXFSZ: [libjvm.dylib+0x945ca0], sa_mask[0]=11100110000111110111111111111111, sa_flags=SA_RESTART|SA_SIGINFO
SIGILL: [libjvm.dylib+0xa7bdc0], sa_mask[0]=11100110000111110111111111111111, sa_flags=SA_RESTART|SA_SIGINFO
SIGUSR2: [libjvm.dylib+0x946750], sa_mask[0]=00100000000000000000000000000000, sa_flags=SA_RESTART|SA_SIGINFO
SIGHUP: [libjvm.dylib+0x944d10], sa_mask[0]=11100110000111110111111111111111, sa_flags=SA_RESTART|SA_SIGINFO
SIGINT: [libjvm.dylib+0x944d10], sa_mask[0]=11100110000111110111111111111111, sa_flags=SA_RESTART|SA_SIGINFO
SIGTERM: [libjvm.dylib+0x944d10], sa_mask[0]=11100110000111110111111111111111, sa_flags=SA_RESTART|SA_SIGINFO
SIGQUIT: [libjvm.dylib+0x944d10], sa_mask[0]=11100110000111110111111111111111, sa_flags=SA_RESTART|SA_SIGINFO
SIGTRAP: [libjvm.dylib+0xa7bdc0], sa_mask[0]=11100110000111110111111111111111, sa_flags=SA_RESTART|SA_SIGINFO


---------------  S Y S T E M  ---------------

OS:uname: Darwin 18.7.0 Darwin Kernel Version 18.7.0: Tue Aug 20 16:57:14 PDT 2019; root:xnu-4903.271.2~2/RELEASE_X86_64 x86_64
OS uptime: 0 days 9:08 hours
rlimit (soft/hard): STACK 8192k/65532k , CORE 0k/infinity , NPROC 709/1064 , NOFILE 10240/infinity , AS infinity/infinity , CPU infinity/infinity , DATA infinity/infinity , FSIZE infinity/infinity , MEMLOCK infinity/infinity , RSS infinity/infinity
load average: 8.15 6.73 5.26

CPU: total 4 (initial active 4) (2 cores per cpu, 2 threads per core) family 6 model 61 stepping 4 microcode 0x2d, cx8, cmov, fxsr, ht, mmx, 3dnowpref, sse, sse2, sse3, ssse3, sse4.1, sse4.2, popcnt, lzcnt, tsc, tscinvbit, avx, avx2, aes, erms, clmul, bmi1, bmi2, rtm, adx, fma, vzeroupper, clflush

Memory: 4k page, physical 8388608k(36336k free), swap 4194304k(1547776k free)

vm_info: Java HotSpot(TM) 64-Bit Server VM (16.0.1+9-24) for bsd-amd64 JRE (16.0.1+9-24), built on Mar 26 2021 18:20:04 by "mach5one" with clang 4.2.1 Compatible Apple LLVM 11.0.0 (clang-1100.0.33.17)

END.
